\BOOKMARK [0][-]{chapter*.1}{\376\377\000C\000o\000n\000t\000e\000n\000t\000s}{}% 1
\BOOKMARK [0][-]{chapter.0.1}{\376\377\000I\000n\000t\000r\000o\000d\000u\000c\000t\000i\000o\000n}{}% 2
\BOOKMARK [1][-]{section.0.1.1}{\376\377\000L\000a\000n\000g\000u\000a\000g\000e\000\040\000P\000r\000o\000c\000e\000s\000s\000o\000r\000s}{chapter.0.1}% 3
\BOOKMARK [1][-]{section.0.1.2}{\376\377\000T\000h\000e\000\040\000S\000t\000r\000u\000c\000t\000u\000r\000e\000\040\000o\000f\000\040\000a\000\040\000C\000o\000m\000p\000i\000l\000e\000r}{chapter.0.1}% 4
\BOOKMARK [2][-]{subsection.0.1.2.1}{\376\377\000L\000e\000x\000i\000c\000a\000l\000\040\000A\000n\000a\000l\000y\000s\000i\000s}{section.0.1.2}% 5
\BOOKMARK [2][-]{subsection.0.1.2.2}{\376\377\000S\000y\000n\000t\000a\000x\000\040\000A\000n\000a\000l\000y\000s\000i\000s}{section.0.1.2}% 6
\BOOKMARK [2][-]{subsection.0.1.2.3}{\376\377\000S\000e\000m\000a\000n\000t\000i\000c\000\040\000A\000n\000a\000l\000y\000s\000i\000s}{section.0.1.2}% 7
\BOOKMARK [2][-]{subsection.0.1.2.4}{\376\377\000I\000n\000t\000e\000r\000m\000e\000d\000i\000a\000t\000e\000\040\000C\000o\000d\000e\000\040\000G\000e\000n\000e\000r\000a\000t\000i\000o\000n}{section.0.1.2}% 8
\BOOKMARK [2][-]{subsection.0.1.2.5}{\376\377\000T\000h\000e\000\040\000G\000r\000o\000u\000p\000i\000n\000g\000\040\000o\000f\000\040\000P\000h\000a\000s\000e\000s\000\040\000i\000n\000t\000o\000\040\000P\000a\000s\000s\000e\000s}{section.0.1.2}% 9
\BOOKMARK [2][-]{subsection.0.1.2.6}{\376\377\000C\000o\000m\000p\000i\000l\000e\000r\000-\000C\000o\000n\000s\000t\000r\000u\000c\000t\000i\000o\000n\000\040\000T\000o\000o\000l\000s}{section.0.1.2}% 10
\BOOKMARK [1][-]{section.0.1.3}{\376\377\000T\000h\000e\000\040\000E\000v\000o\000l\000u\000t\000i\000o\000n\000\040\000o\000f\000\040\000P\000r\000o\000g\000r\000a\000m\000m\000i\000n\000g\000\040\000L\000a\000n\000g\000u\000a\000g\000e}{chapter.0.1}% 11
\BOOKMARK [2][-]{subsection.0.1.3.1}{\376\377\000T\000h\000e\000\040\000M\000o\000v\000e\000\040\000t\000o\000\040\000H\000i\000g\000h\000e\000r\000-\000L\000e\000v\000e\000l\000\040\000L\000a\000n\000g\000u\000a\000g\000e\000s}{section.0.1.3}% 12
\BOOKMARK [1][-]{section.0.1.4}{\376\377\000A\000p\000p\000l\000i\000c\000a\000t\000i\000o\000n\000s\000\040\000o\000f\000\040\000C\000o\000m\000p\000i\000l\000e\000r\000\040\000T\000e\000c\000h\000n\000o\000l\000o\000g\000y}{chapter.0.1}% 13
\BOOKMARK [2][-]{subsection.0.1.4.1}{\376\377\000i\000m\000p\000l\000e\000m\000e\000n\000t\000a\000t\000i\000o\000n\000\040\000o\000f\000\040\000H\000i\000g\000h\000-\000L\000e\000v\000e\000l\000\040\000P\000r\000o\000g\000r\000a\000m\000m\000i\000n\000g\000\040\000L\000a\000n\000g\000u\000a\000g\000e\000s}{section.0.1.4}% 14
\BOOKMARK [2][-]{subsection.0.1.4.2}{\376\377\000O\000p\000t\000i\000m\000i\000z\000a\000t\000i\000o\000n\000s\000\040\000f\000o\000r\000\040\000C\000o\000m\000p\000u\000t\000e\000r\000\040\000A\000r\000c\000h\000i\000t\000e\000c\000t\000u\000r\000e\000s}{section.0.1.4}% 15
\BOOKMARK [1][-]{section.0.1.5}{\376\377\000P\000r\000o\000g\000r\000a\000m\000m\000i\000n\000g\000\040\000L\000a\000n\000g\000u\000a\000g\000e\000\040\000B\000a\000s\000i\000c\000s}{chapter.0.1}% 16
\BOOKMARK [2][-]{subsection.0.1.5.1}{\376\377\000T\000h\000e\000\040\000S\000t\000a\000t\000i\000c\000/\000D\000y\000n\000a\000m\000i\000c\000\040\000D\000i\000s\000t\000i\000n\000c\000t\000i\000o\000n}{section.0.1.5}% 17
\BOOKMARK [2][-]{subsection.0.1.5.2}{\376\377\000E\000n\000v\000i\000r\000o\000n\000m\000e\000n\000t\000s\000\040\000a\000n\000d\000\040\000S\000t\000a\000t\000e\000s}{section.0.1.5}% 18
\BOOKMARK [2][-]{subsection.0.1.5.3}{\376\377\000S\000t\000a\000t\000i\000c\000\040\000S\000c\000o\000p\000e\000\040\000a\000n\000d\000\040\000B\000l\000o\000c\000k\000\040\000S\000t\000r\000u\000c\000t\000u\000r\000e}{section.0.1.5}% 19
\BOOKMARK [2][-]{subsection.0.1.5.4}{\376\377\000E\000x\000p\000l\000i\000c\000i\000t\000\040\000A\000c\000c\000e\000s\000s\000\040\000C\000o\000n\000t\000r\000o\000l}{section.0.1.5}% 20
\BOOKMARK [2][-]{subsection.0.1.5.5}{\376\377\000D\000y\000n\000a\000m\000i\000c\000\040\000S\000c\000o\000p\000e}{section.0.1.5}% 21
\BOOKMARK [2][-]{subsection.0.1.5.6}{\376\377\000P\000a\000r\000a\000m\000e\000t\000e\000r\000\040\000P\000a\000s\000s\000i\000n\000g\000\040\000M\000e\000c\000h\000a\000n\000i\000s\000m\000s}{section.0.1.5}% 22
\BOOKMARK [2][-]{subsection.0.1.5.7}{\376\377\000A\000l\000i\000a\000s\000i\000n\000g}{section.0.1.5}% 23
\BOOKMARK [0][-]{chapter.0.2}{\376\377\000A\000\040\000S\000i\000m\000p\000l\000e\000\040\000S\000y\000n\000t\000a\000x\000-\000D\000i\000r\000e\000c\000t\000e\000d\000\040\000T\000r\000a\000n\000s\000l\000a\000t\000o\000r}{}% 24
\BOOKMARK [1][-]{section.0.2.1}{\376\377\000I\000n\000t\000r\000o\000d\000u\000c\000t\000i\000o\000n}{chapter.0.2}% 25
\BOOKMARK [1][-]{section.0.2.2}{\376\377\000S\000y\000n\000t\000a\000x\000\040\000D\000e\000f\000i\000n\000i\000t\000i\000o\000n}{chapter.0.2}% 26
\BOOKMARK [2][-]{subsection.0.2.2.1}{\376\377\000D\000e\000f\000i\000n\000i\000t\000i\000o\000n\000\040\000o\000f\000\040\000G\000r\000a\000m\000m\000a\000r\000s}{section.0.2.2}% 27
\BOOKMARK [2][-]{subsection.0.2.2.2}{\376\377\000D\000e\000r\000i\000v\000a\000t\000i\000o\000n\000s}{section.0.2.2}% 28
\BOOKMARK [2][-]{subsection.0.2.2.3}{\376\377\000P\000a\000r\000s\000e\000\040\000T\000r\000e\000e\000s}{section.0.2.2}% 29
\BOOKMARK [2][-]{subsection.0.2.2.4}{\376\377\000A\000m\000b\000i\000g\000u\000i\000t\000y}{section.0.2.2}% 30
\BOOKMARK [2][-]{subsection.0.2.2.5}{\376\377\000A\000s\000s\000o\000c\000i\000a\000t\000i\000v\000i\000t\000y\000\040\000o\000f\000\040\000O\000p\000e\000r\000a\000t\000o\000r\000s}{section.0.2.2}% 31
\BOOKMARK [2][-]{subsection.0.2.2.6}{\376\377\000P\000r\000e\000c\000e\000d\000e\000n\000c\000e\000\040\000o\000f\000\040\000O\000p\000e\000r\000a\000t\000o\000r\000s}{section.0.2.2}% 32
\BOOKMARK [1][-]{section.0.2.3}{\376\377\000S\000y\000n\000t\000a\000x\000-\000D\000i\000r\000e\000c\000t\000e\000d\000\040\000T\000r\000a\000n\000s\000l\000a\000t\000i\000o\000n}{chapter.0.2}% 33
\BOOKMARK [2][-]{subsection.0.2.3.1}{\376\377\000P\000o\000s\000t\000f\000i\000x\000\040\000N\000o\000t\000a\000t\000i\000o\000n}{section.0.2.3}% 34
\BOOKMARK [2][-]{subsection.0.2.3.2}{\376\377\000S\000y\000n\000t\000h\000e\000s\000i\000z\000e\000d\000\040\000A\000t\000t\000r\000i\000b\000u\000t\000e\000s}{section.0.2.3}% 35
\BOOKMARK [2][-]{subsection.0.2.3.3}{\376\377\000T\000r\000e\000e\000\040\000T\000r\000a\000v\000e\000r\000s\000a\000l\000s}{section.0.2.3}% 36
\BOOKMARK [2][-]{subsection.0.2.3.4}{\376\377\000T\000r\000a\000n\000s\000l\000a\000t\000i\000o\000n\000\040\000S\000c\000h\000e\000m\000e\000s}{section.0.2.3}% 37
\BOOKMARK [1][-]{section.0.2.4}{\376\377\000P\000a\000r\000s\000i\000n\000g}{chapter.0.2}% 38
\BOOKMARK [2][-]{subsection.0.2.4.1}{\376\377\000T\000o\000p\000-\000D\000o\000w\000n\000\040\000P\000a\000r\000s\000i\000n\000g}{section.0.2.4}% 39
\BOOKMARK [2][-]{subsection.0.2.4.2}{\376\377\000P\000r\000e\000d\000i\000c\000t\000i\000v\000e\000\040\000P\000a\000r\000s\000i\000n\000g}{section.0.2.4}% 40
\BOOKMARK [2][-]{subsection.0.2.4.3}{\376\377\000D\000e\000s\000i\000g\000n\000i\000n\000g\000\040\000a\000\040\000P\000r\000e\000d\000i\000c\000t\000i\000v\000e\000\040\000P\000a\000r\000s\000e\000r}{section.0.2.4}% 41
\BOOKMARK [2][-]{subsection.0.2.4.4}{\376\377\000L\000e\000f\000t\000\040\000R\000e\000c\000u\000r\000s\000i\000o\000n}{section.0.2.4}% 42
\BOOKMARK [1][-]{section.0.2.5}{\376\377\000A\000\040\000T\000r\000a\000n\000s\000l\000a\000t\000o\000r\000\040\000f\000o\000r\000\040\000S\000i\000m\000p\000l\000e\000\040\000E\000x\000p\000r\000e\000s\000s\000i\000o\000n\000s}{chapter.0.2}% 43
\BOOKMARK [2][-]{subsection.0.2.5.1}{\376\377\000A\000b\000s\000t\000r\000a\000c\000t\000\040\000a\000n\000d\000\040\000C\000o\000n\000c\000r\000e\000t\000e\000\040\000S\000y\000n\000t\000a\000x}{section.0.2.5}% 44
\BOOKMARK [2][-]{subsection.0.2.5.2}{\376\377\000S\000i\000m\000p\000l\000i\000f\000y\000i\000n\000g\000\040\000t\000h\000e\000\040\000T\000r\000a\000n\000s\000l\000a\000t\000o\000r}{section.0.2.5}% 45
\BOOKMARK [2][-]{subsection.0.2.5.3}{\376\377\000T\000h\000e\000\040\000C\000o\000m\000p\000l\000e\000t\000e\000\040\000P\000r\000o\000g\000r\000a\000m}{section.0.2.5}% 46
\BOOKMARK [1][-]{section.0.2.6}{\376\377\000L\000e\000x\000i\000c\000a\000l\000\040\000A\000n\000a\000l\000y\000s\000i\000s}{chapter.0.2}% 47
\BOOKMARK [2][-]{subsection.0.2.6.1}{\376\377\000R\000e\000c\000o\000g\000n\000i\000z\000i\000n\000g\000\040\000K\000e\000y\000w\000o\000r\000d\000s\000\040\000a\000n\000d\000\040\000I\000d\000e\000n\000t\000i\000f\000i\000e\000r\000s}{section.0.2.6}% 48
\BOOKMARK [1][-]{section.0.2.7}{\376\377\000S\000y\000m\000b\000o\000l\000\040\000T\000a\000b\000l\000e\000s}{chapter.0.2}% 49
\BOOKMARK [2][-]{subsection.0.2.7.1}{\376\377\000S\000y\000m\000b\000o\000l\000\040\000T\000a\000b\000l\000e\000\040\000P\000e\000r\000\040\000S\000c\000o\000p\000e}{section.0.2.7}% 50
\BOOKMARK [1][-]{section.0.2.8}{\376\377\000I\000n\000t\000e\000r\000m\000e\000d\000i\000a\000t\000e\000\040\000C\000o\000d\000e\000\040\000G\000e\000n\000e\000r\000a\000t\000i\000o\000n}{chapter.0.2}% 51
\BOOKMARK [2][-]{subsection.0.2.8.1}{\376\377\000T\000w\000o\000\040\000K\000i\000n\000d\000s\000\040\000o\000f\000\040\000I\000n\000t\000e\000r\000m\000e\000d\000i\000a\000t\000e\000\040\000R\000e\000p\000r\000e\000s\000e\000n\000t\000a\000t\000i\000o\000n\000s}{section.0.2.8}% 52
\BOOKMARK [2][-]{subsection.0.2.8.2}{\376\377\000C\000o\000n\000s\000t\000r\000u\000c\000t\000i\000o\000n\000\040\000o\000f\000\040\000S\000y\000n\000t\000a\000x\000\040\000T\000r\000e\000e\000s}{section.0.2.8}% 53
\BOOKMARK [2][-]{subsection.0.2.8.3}{\376\377\000S\000t\000a\000t\000i\000c\000\040\000C\000h\000e\000c\000k\000i\000n\000g}{section.0.2.8}% 54
\BOOKMARK [2][-]{subsection.0.2.8.4}{\376\377\000T\000h\000r\000e\000e\000-\000A\000d\000d\000r\000e\000s\000s\000\040\000C\000o\000d\000e}{section.0.2.8}% 55
\BOOKMARK [0][-]{chapter.0.3}{\376\377\000L\000e\000x\000i\000c\000a\000l\000\040\000A\000n\000a\000l\000y\000s\000i\000s}{}% 56
\BOOKMARK [1][-]{section.0.3.1}{\376\377\000T\000h\000e\000\040\000R\000o\000l\000e\000\040\000o\000f\000\040\000t\000h\000e\000\040\000L\000e\000x\000i\000c\000a\000l\000\040\000A\000n\000a\000l\000y\000z\000e\000r}{chapter.0.3}% 57
\BOOKMARK [2][-]{subsection.0.3.1.1}{\376\377\000T\000o\000k\000e\000n\000s\000,\000\040\000P\000a\000t\000t\000e\000r\000n\000s\000,\000\040\000a\000n\000d\000\040\000L\000e\000x\000e\000m\000e\000s}{section.0.3.1}% 58
\BOOKMARK [1][-]{section.0.3.2}{\376\377\000I\000n\000p\000u\000t\000\040\000B\000u\000f\000f\000e\000r\000i\000n\000g}{chapter.0.3}% 59
