\BOOKMARK [0][-]{chapter*.1}{\376\377\000C\000o\000n\000t\000e\000n\000t\000s}{}% 1
\BOOKMARK [0][-]{chapter.0.1}{\376\377\000S\000i\000g\000n\000a\000l\000s\000\040\000a\000n\000d\000\040\000S\000y\000s\000t\000e\000m\000s}{}% 2
\BOOKMARK [1][-]{section.0.1.1}{\376\377\000C\000o\000n\000t\000i\000n\000o\000u\000s\000-\000T\000i\000m\000e\000\040\000a\000n\000d\000\040\000D\000i\000s\000c\000r\000e\000t\000e\000-\000T\000i\000m\000e\000\040\000S\000i\000g\000n\000a\000l\000s}{chapter.0.1}% 3
\BOOKMARK [2][-]{subsection.0.1.1.1}{\376\377\000E\000x\000a\000m\000p\000l\000e\000s\000\040\000a\000n\000d\000\040\000M\000a\000t\000h\000e\000m\000a\000t\000i\000c\000a\000l\000\040\000R\000e\000p\000r\000e\000s\000e\000n\000t\000a\000t\000i\000o\000n}{section.0.1.1}% 4
\BOOKMARK [2][-]{subsection.0.1.1.2}{\376\377\000S\000i\000g\000n\000a\000l\000\040\000E\000n\000e\000r\000g\000y\000\040\000a\000n\000d\000\040\000P\000o\000w\000e\000r}{section.0.1.1}% 5
\BOOKMARK [1][-]{section.0.1.2}{\376\377\000T\000r\000a\000n\000s\000f\000o\000r\000m\000a\000t\000i\000o\000n\000s\000\040\000o\000f\000\040\000t\000h\000e\000\040\000I\000n\000d\000e\000p\000e\000n\000d\000e\000n\000t\000\040\000V\000a\000r\000i\000a\000b\000l\000e}{chapter.0.1}% 6
\BOOKMARK [2][-]{subsection.0.1.2.1}{\376\377\000E\000x\000a\000m\000p\000l\000e\000s\000\040\000o\000f\000\040\000T\000r\000a\000n\000s\000f\000o\000r\000m\000a\000t\000i\000o\000n\000s\000\040\000o\000f\000\040\000t\000h\000e\000\040\000I\000n\000d\000e\000p\000e\000n\000d\000e\000n\000t\000\040\000V\000a\000r\000i\000a\000b\000l\000e}{section.0.1.2}% 7
\BOOKMARK [2][-]{subsection.0.1.2.2}{\376\377\000P\000e\000r\000i\000o\000d\000i\000c\000\040\000S\000i\000g\000n\000a\000l\000s}{section.0.1.2}% 8
\BOOKMARK [2][-]{subsection.0.1.2.3}{\376\377\000E\000v\000e\000n\000\040\000a\000n\000d\000\040\000O\000d\000d\000\040\000S\000i\000g\000n\000a\000l\000s}{section.0.1.2}% 9
\BOOKMARK [1][-]{section.0.1.3}{\376\377\000E\000x\000p\000o\000n\000e\000n\000t\000i\000a\000l\000\040\000a\000n\000d\000\040\000S\000i\000n\000u\000s\000o\000i\000d\000a\000l\000\040\000S\000i\000g\000n\000a\000l\000s}{chapter.0.1}% 10
\BOOKMARK [2][-]{subsection.0.1.3.1}{\376\377\000C\000o\000n\000t\000i\000n\000u\000o\000u\000s\000-\000T\000i\000m\000e\000\040\000C\000o\000m\000p\000l\000e\000x\000\040\000E\000x\000p\000o\000n\000e\000n\000t\000i\000a\000l\000\040\000a\000n\000d\000\040\000S\000i\000n\000u\000s\000o\000i\000d\000a\000l\000\040\000S\000i\000g\000n\000a\000l\000s}{section.0.1.3}% 11
\BOOKMARK [2][-]{subsection.0.1.3.2}{\376\377\000D\000i\000s\000c\000r\000e\000t\000e\000-\000T\000i\000m\000e\000\040\000C\000o\000m\000p\000l\000e\000x\000\040\000E\000x\000p\000o\000n\000e\000n\000t\000i\000a\000l\000\040\000a\000n\000d\000\040\000S\000i\000n\000u\000s\000o\000i\000d\000a\000l\000\040\000S\000i\000g\000n\000a\000l\000s}{section.0.1.3}% 12
\BOOKMARK [2][-]{subsection.0.1.3.3}{\376\377\000P\000e\000r\000i\000o\000d\000i\000c\000i\000t\000y\000\040\000P\000r\000o\000p\000e\000r\000t\000i\000e\000s\000\040\000o\000f\000\040\000D\000i\000s\000c\000r\000e\000t\000e\000-\000T\000i\000m\000e\000\040\000C\000o\000m\000p\000l\000e\000x\000\040\000E\000x\000p\000o\000n\000e\000n\000t\000i\000a\000l\000s}{section.0.1.3}% 13
\BOOKMARK [1][-]{section.0.1.4}{\376\377\000T\000h\000e\000\040\000U\000n\000i\000t\000\040\000I\000m\000p\000u\000l\000s\000e\000\040\000a\000n\000d\000\040\000U\000n\000i\000t\000\040\000S\000t\000e\000p\000\040\000F\000u\000n\000c\000t\000i\000o\000n\000s}{chapter.0.1}% 14
\BOOKMARK [2][-]{subsection.0.1.4.1}{\376\377\000T\000h\000e\000\040\000D\000i\000s\000c\000r\000e\000t\000e\000-\000T\000i\000m\000e\000\040\000U\000n\000i\000t\000\040\000I\000m\000p\000u\000l\000s\000e\000\040\000a\000n\000d\000\040\000U\000n\000i\000t\000\040\000S\000t\000e\000p\000\040\000S\000e\000q\000u\000e\000n\000c\000e\000s}{section.0.1.4}% 15
\BOOKMARK [2][-]{subsection.0.1.4.2}{\376\377\000T\000h\000e\000\040\000C\000o\000n\000t\000i\000n\000u\000o\000u\000s\000-\000T\000i\000m\000e\000\040\000U\000n\000i\000t\000\040\000S\000t\000e\000p\000\040\000a\000n\000d\000\040\000U\000n\000i\000t\000\040\000I\000m\000p\000u\000l\000s\000e\000\040\000F\000u\000n\000c\000t\000i\000o\000n\000s}{section.0.1.4}% 16
\BOOKMARK [1][-]{section.0.1.5}{\376\377\000C\000o\000n\000t\000i\000n\000u\000o\000u\000s\000-\000T\000i\000m\000e\000\040\000a\000n\000d\000\040\000D\000i\000s\000c\000r\000e\000t\000e\000-\000T\000i\000m\000e\000\040\000S\000y\000s\000t\000e\000m\000s}{chapter.0.1}% 17
\BOOKMARK [1][-]{section.0.1.6}{\376\377\000B\000a\000s\000i\000c\000\040\000S\000y\000s\000t\000e\000m\000\040\000P\000r\000o\000p\000e\000r\000t\000i\000e\000s}{chapter.0.1}% 18
\BOOKMARK [2][-]{subsection.0.1.6.1}{\376\377\000S\000y\000s\000t\000e\000m\000s\000\040\000w\000i\000t\000h\000\040\000a\000n\000d\000\040\000w\000i\000t\000h\000o\000u\000t\000\040\000M\000e\000m\000o\000r\000y}{section.0.1.6}% 19
\BOOKMARK [2][-]{subsection.0.1.6.2}{\376\377\000I\000n\000v\000e\000r\000t\000i\000b\000i\000l\000i\000t\000y\000\040\000a\000n\000d\000\040\000I\000n\000v\000e\000r\000s\000e\000\040\000S\000y\000s\000t\000e\000m\000s}{section.0.1.6}% 20
\BOOKMARK [2][-]{subsection.0.1.6.3}{\376\377\000C\000a\000u\000s\000a\000l\000i\000t\000y}{section.0.1.6}% 21
\BOOKMARK [2][-]{subsection.0.1.6.4}{\376\377\000S\000t\000a\000b\000l\000i\000t\000y}{section.0.1.6}% 22
\BOOKMARK [2][-]{subsection.0.1.6.5}{\376\377\000L\000i\000n\000e\000a\000r\000i\000t\000y}{section.0.1.6}% 23
\BOOKMARK [0][-]{chapter.0.2}{\376\377\000L\000i\000n\000e\000a\000r\000\040\000T\000i\000m\000e\000-\000I\000n\000v\000a\000r\000i\000a\000n\000t\000\040\000S\000y\000s\000t\000e\000m\000s}{}% 24
\BOOKMARK [1][-]{section.0.2.1}{\376\377\000D\000i\000s\000c\000r\000e\000t\000e\000-\000T\000i\000m\000e\000\040\000L\000T\000I\000\040\000S\000y\000s\000t\000e\000m\000s\000:\000\040\000T\000h\000e\000\040\000C\000o\000n\000v\000o\000l\000u\000t\000i\000o\000n\000\040\000S\000u\000m}{chapter.0.2}% 25
\BOOKMARK [2][-]{subsection.0.2.1.1}{\376\377\000T\000h\000e\000\040\000R\000e\000p\000r\000e\000s\000e\000n\000t\000a\000t\000i\000o\000n\000\040\000o\000f\000\040\000D\000i\000s\000c\000r\000e\000t\000e\000-\000T\000i\000m\000e\000\040\000S\000i\000g\000n\000a\000l\000s\000\040\000i\000n\000\040\000T\000e\000r\000m\000s\000\040\000o\000f\000\040\000I\000m\000p\000u\000l\000s\000e\000s}{section.0.2.1}% 26
\BOOKMARK [2][-]{subsection.0.2.1.2}{\376\377\000T\000h\000e\000\040\000D\000i\000s\000c\000r\000e\000t\000e\000-\000T\000i\000m\000e\000\040\000U\000n\000i\000t\000\040\000I\000m\000p\000u\000l\000s\000e\000\040\000R\000e\000s\000p\000o\000n\000s\000e\000\040\000a\000n\000d\000\040\000t\000h\000e\000\040\000C\000o\000n\000v\000o\000l\000u\000t\000i\000o\000n\000-\000S\000u\000m\000\040\000R\000e\000p\000r\000e\000s\000e\000n\000t\000a\000t\000i\000o\000n\000\040\000o\000f\000\040\000L\000T\000I\000\040\000S\000y\000s\000t\000e\000m\000s}{section.0.2.1}% 27
\BOOKMARK [1][-]{section.0.2.2}{\376\377\000C\000o\000n\000t\000i\000n\000u\000o\000u\000s\000-\000T\000i\000m\000e\000\040\000L\000T\000I\000\040\000S\000y\000s\000t\000e\000m\000s\000:\000\040\000T\000h\000e\000\040\000C\000o\000n\000v\000o\000l\000u\000t\000i\000o\000n\000\040\000I\000n\000t\000e\000g\000r\000a\000l}{chapter.0.2}% 28
\BOOKMARK [2][-]{subsection.0.2.2.1}{\376\377\000T\000h\000e\000\040\000R\000e\000p\000r\000e\000s\000e\000n\000t\000a\000t\000i\000o\000n\000\040\000o\000f\000\040\000C\000o\000n\000t\000i\000n\000u\000o\000u\000s\000-\000T\000i\000m\000e\000\040\000S\000i\000g\000n\000a\000l\000s\000\040\000i\000n\000\040\000T\000e\000r\000m\000s\000\040\000o\000f\000\040\000I\000m\000p\000u\000l\000s\000e\000s}{section.0.2.2}% 29
\BOOKMARK [2][-]{subsection.0.2.2.2}{\376\377\000T\000h\000e\000\040\000C\000o\000n\000t\000i\000n\000u\000o\000u\000s\000-\000T\000i\000m\000e\000\040\000U\000n\000i\000t\000\040\000I\000m\000p\000u\000l\000s\000e\000\040\000R\000e\000s\000p\000o\000n\000s\000e\000\040\000a\000n\000d\000\040\000t\000h\000e\000\040\000C\000o\000n\000v\000o\000l\000u\000t\000i\000o\000n\000\040\000I\000n\000t\000e\000g\000r\000a\000l\000\040\000R\000e\000p\000r\000e\000s\000e\000n\000t\000a\000t\000i\000o\000n\000\040\000o\000f\000\040\000L\000T\000I\000\040\000S\000y\000s\000t\000e\000m\000s}{section.0.2.2}% 30
\BOOKMARK [1][-]{section.0.2.3}{\376\377\000P\000r\000o\000p\000e\000r\000t\000i\000e\000s\000\040\000o\000f\000\040\000L\000i\000n\000e\000a\000r\000\040\000T\000i\000m\000e\000-\000I\000n\000v\000a\000r\000i\000a\000n\000t\000\040\000S\000y\000s\000t\000e\000m\000s}{chapter.0.2}% 31
\BOOKMARK [2][-]{subsection.0.2.3.1}{\376\377\000T\000h\000e\000\040\000C\000o\000m\000m\000u\000t\000a\000t\000i\000v\000e\000\040\000P\000r\000o\000p\000e\000r\000t\000y}{section.0.2.3}% 32
\BOOKMARK [2][-]{subsection.0.2.3.2}{\376\377\000T\000h\000e\000\040\000D\000i\000s\000t\000r\000i\000b\000u\000t\000i\000v\000e\000\040\000P\000r\000o\000p\000e\000r\000t\000y}{section.0.2.3}% 33
\BOOKMARK [2][-]{subsection.0.2.3.3}{\376\377\000T\000h\000e\000\040\000A\000s\000s\000o\000c\000i\000a\000t\000i\000v\000e\000\040\000P\000r\000o\000p\000e\000r\000t\000y}{section.0.2.3}% 34
\BOOKMARK [2][-]{subsection.0.2.3.4}{\376\377\000L\000T\000I\000\040\000S\000y\000s\000t\000e\000m\000s\000\040\000w\000i\000t\000h\000\040\000a\000n\000d\000\040\000w\000i\000t\000h\000o\000u\000t\000\040\000M\000e\000m\000o\000r\000y}{section.0.2.3}% 35
\BOOKMARK [2][-]{subsection.0.2.3.5}{\376\377\000I\000n\000v\000e\000r\000t\000i\000b\000i\000l\000i\000t\000y\000\040\000o\000f\000\040\000L\000T\000I\000\040\000S\000y\000s\000t\000e\000m\000s}{section.0.2.3}% 36
\BOOKMARK [2][-]{subsection.0.2.3.6}{\376\377\000C\000a\000u\000s\000a\000l\000i\000t\000y\000\040\000f\000o\000r\000\040\000L\000T\000I\000\040\000S\000y\000s\000t\000e\000m\000s}{section.0.2.3}% 37
\BOOKMARK [2][-]{subsection.0.2.3.7}{\376\377\000S\000t\000a\000b\000i\000l\000i\000t\000y\000\040\000f\000o\000r\000\040\000L\000T\000I\000\040\000S\000y\000s\000t\000e\000m\000s}{section.0.2.3}% 38
\BOOKMARK [2][-]{subsection.0.2.3.8}{\376\377\000T\000h\000e\000\040\000U\000n\000i\000t\000\040\000S\000t\000e\000p\000\040\000R\000e\000s\000p\000o\000n\000s\000e\000\040\000o\000f\000\040\000a\000n\000\040\000L\000T\000I\000\040\000S\000y\000s\000t\000e\000m}{section.0.2.3}% 39
\BOOKMARK [1][-]{section.0.2.4}{\376\377\000C\000a\000u\000s\000a\000l\000\040\000L\000T\000I\000\040\000S\000y\000s\000t\000e\000m\000s\000\040\000D\000e\000s\000c\000r\000i\000b\000e\000d\000\040\000b\000y\000\040\000D\000i\000f\000f\000e\000r\000e\000n\000t\000i\000a\000l\000\040\000a\000n\000d\000\040\000D\000i\000f\000f\000e\000r\000e\000n\000c\000e\000\040\000E\000q\000u\000a\000t\000i\000o\000n\000s}{chapter.0.2}% 40
\BOOKMARK [2][-]{subsection.0.2.4.1}{\376\377\000L\000i\000n\000e\000a\000r\000\040\000C\000o\000n\000s\000t\000a\000n\000t\000-\000C\000o\000e\000f\000f\000i\000c\000i\000e\000n\000t\000\040\000D\000i\000f\000f\000e\000r\000e\000n\000t\000i\000a\000l\000\040\000E\000q\000u\000a\000t\000i\000o\000n\000s}{section.0.2.4}% 41
\BOOKMARK [2][-]{subsection.0.2.4.2}{\376\377\000L\000i\000n\000e\000a\000r\000\040\000C\000o\000n\000s\000t\000a\000n\000t\000-\000C\000o\000e\000f\000f\000i\000c\000i\000e\000n\000t\000\040\000D\000i\000f\000f\000e\000r\000e\000n\000c\000e\000\040\000E\000q\000u\000a\000t\000i\000o\000n\000s}{section.0.2.4}% 42
\BOOKMARK [2][-]{subsection.0.2.4.3}{\376\377\000B\000l\000o\000c\000k\000\040\000D\000i\000a\000g\000r\000a\000m\000\040\000R\000e\000p\000r\000e\000s\000e\000n\000t\000a\000t\000i\000o\000n\000s\000\040\000o\000f\000\040\000F\000i\000r\000s\000t\000-\000O\000r\000d\000e\000r\000\040\000S\000y\000s\000t\000e\000m\000s\000\040\000D\000e\000s\000c\000r\000i\000b\000e\000d\000\040\000b\000y\000\040\000D\000i\000f\000f\000e\000r\000e\000n\000t\000i\000a\000l\000\040\000a\000n\000d\000\040\000D\000i\000f\000f\000e\000r\000e\000n\000c\000e\000\040\000E\000q\000u\000a\000t\000i\000o\000n\000s}{section.0.2.4}% 43
\BOOKMARK [1][-]{section.0.2.5}{\376\377\000S\000i\000n\000g\000u\000l\000a\000r\000i\000t\000y\000\040\000F\000u\000n\000c\000t\000i\000o\000n\000s}{chapter.0.2}% 44
\BOOKMARK [2][-]{subsection.0.2.5.1}{\376\377\000T\000h\000e\000\040\000U\000n\000i\000t\000\040\000I\000m\000p\000u\000l\000s\000e\000\040\000a\000s\000\040\000a\000n\000\040\000I\000d\000e\000a\000l\000i\000z\000e\000d\000\040\000S\000h\000o\000r\000t\000\040\000P\000u\000l\000s\000e}{section.0.2.5}% 45
\BOOKMARK [2][-]{subsection.0.2.5.2}{\376\377\000D\000e\000f\000i\000n\000i\000n\000g\000\040\000t\000h\000e\000\040\000U\000n\000i\000t\000\040\000I\000m\000p\000u\000l\000s\000e\000\040\000t\000h\000r\000o\000u\000g\000h\000\040\000C\000o\000n\000v\000o\000l\000u\000t\000i\000o\000n}{section.0.2.5}% 46
\BOOKMARK [2][-]{subsection.0.2.5.3}{\376\377\000U\000n\000i\000t\000\040\000D\000o\000u\000b\000l\000e\000t\000s\000\040\000a\000n\000d\000\040\000O\000t\000h\000e\000r\000\040\000S\000i\000n\000g\000u\000l\000a\000r\000i\000t\000y\000\040\000F\000u\000n\000c\000t\000i\000o\000n\000s}{section.0.2.5}% 47
\BOOKMARK [0][-]{chapter.0.3}{\376\377\000F\000o\000u\000r\000i\000e\000r\000\040\000S\000e\000r\000i\000e\000s\000\040\000R\000e\000p\000r\000e\000s\000e\000n\000t\000a\000t\000i\000o\000n\000\040\000o\000f\000\040\000P\000e\000r\000i\000o\000d\000i\000c\000\040\000S\000i\000g\000n\000a\000l\000s}{}% 48
\BOOKMARK [1][-]{section.0.3.1}{\376\377\000A\000\040\000H\000i\000s\000t\000o\000r\000i\000c\000a\000l\000\040\000P\000e\000r\000s\000p\000e\000c\000t\000i\000v\000e}{chapter.0.3}% 49
\BOOKMARK [1][-]{section.0.3.2}{\376\377\000T\000h\000e\000\040\000R\000e\000s\000p\000o\000n\000s\000e\000\040\000o\000f\000\040\000L\000T\000I\000\040\000S\000y\000s\000t\000e\000m\000s\000\040\000t\000o\000\040\000C\000o\000m\000p\000l\000e\000x\000\040\000E\000x\000p\000o\000n\000e\000n\000t\000i\000a\000l\000s}{chapter.0.3}% 50
\BOOKMARK [1][-]{section.0.3.3}{\376\377\000F\000o\000u\000r\000i\000e\000r\000\040\000S\000e\000r\000i\000e\000s\000\040\000R\000e\000p\000r\000e\000s\000e\000n\000t\000a\000t\000i\000o\000n\000\040\000o\000f\000\040\000C\000o\000n\000t\000i\000n\000u\000o\000u\000s\000-\000T\000i\000m\000e\000\040\000P\000e\000r\000i\000o\000d\000i\000c\000\040\000S\000i\000g\000n\000a\000l\000s}{chapter.0.3}% 51
\BOOKMARK [2][-]{subsection.0.3.3.1}{\376\377\000L\000i\000n\000e\000a\000r\000\040\000C\000o\000m\000b\000i\000n\000a\000t\000i\000o\000n\000s\000\040\000o\000f\000\040\000H\000a\000r\000m\000o\000n\000i\000c\000a\000l\000l\000y\000\040\000R\000e\000l\000a\000t\000e\000d\000\040\000C\000o\000m\000p\000l\000e\000x\000\040\000E\000x\000p\000o\000n\000e\000n\000t\000i\000a\000l\000s}{section.0.3.3}% 52
\BOOKMARK [2][-]{subsection.0.3.3.2}{\376\377\000D\000e\000t\000e\000r\000m\000i\000n\000a\000t\000i\000o\000n\000\040\000o\000f\000\040\000t\000h\000e\000\040\000F\000o\000u\000r\000i\000e\000r\000\040\000S\000e\000r\000i\000e\000s\000\040\000R\000e\000p\000r\000e\000s\000e\000n\000t\000a\000t\000i\000o\000n\000\040\000o\000f\000\040\000a\000\040\000C\000o\000n\000t\000i\000n\000u\000o\000u\000s\000-\000t\000i\000m\000e\000\040\000P\000e\000r\000i\000o\000d\000i\000c\000\040\000S\000i\000g\000n\000a\000l}{section.0.3.3}% 53
\BOOKMARK [1][-]{section.0.3.4}{\376\377\000C\000o\000n\000v\000e\000r\000g\000e\000n\000c\000e\000\040\000o\000f\000\040\000T\000h\000e\000\040\000F\000o\000u\000r\000i\000e\000r\000\040\000S\000e\000r\000i\000e\000s}{chapter.0.3}% 54
\BOOKMARK [1][-]{section.0.3.5}{\376\377\000P\000r\000o\000p\000e\000r\000t\000i\000e\000s\000\040\000o\000f\000\040\000C\000o\000n\000t\000i\000n\000u\000o\000u\000s\000-\000T\000i\000m\000e\000\040\000F\000o\000u\000r\000i\000e\000r\000\040\000S\000e\000r\000i\000e\000s}{chapter.0.3}% 55
\BOOKMARK [2][-]{subsection.0.3.5.1}{\376\377\000L\000i\000n\000e\000a\000r\000i\000t\000y}{section.0.3.5}% 56
\BOOKMARK [2][-]{subsection.0.3.5.2}{\376\377\000T\000i\000m\000e\000\040\000S\000h\000i\000f\000t\000i\000n\000g}{section.0.3.5}% 57
\BOOKMARK [2][-]{subsection.0.3.5.3}{\376\377\000T\000i\000m\000e\000\040\000R\000e\000v\000e\000r\000s\000a\000l}{section.0.3.5}% 58
\BOOKMARK [2][-]{subsection.0.3.5.4}{\376\377\000T\000i\000m\000e\000\040\000S\000c\000a\000l\000i\000n\000g}{section.0.3.5}% 59
\BOOKMARK [2][-]{subsection.0.3.5.5}{\376\377\000M\000u\000l\000t\000i\000p\000l\000i\000c\000a\000t\000i\000o\000n}{section.0.3.5}% 60
\BOOKMARK [2][-]{subsection.0.3.5.6}{\376\377\000C\000o\000n\000j\000u\000g\000a\000t\000i\000o\000n\000\040\000a\000n\000d\000\040\000C\000o\000n\000j\000u\000g\000a\000t\000e\000\040\000S\000y\000m\000m\000e\000t\000r\000y}{section.0.3.5}% 61
\BOOKMARK [2][-]{subsection.0.3.5.7}{\376\377\000P\000a\000r\000s\000e\000v\000a\000l\000'\000s\000\040\000R\000e\000l\000a\000t\000i\000o\000n\000\040\000f\000o\000r\000\040\000C\000o\000n\000t\000i\000n\000u\000o\000u\000s\000-\000T\000i\000m\000e\000\040\000P\000e\000r\000i\000o\000d\000i\000c\000\040\000S\000i\000g\000n\000a\000l\000s}{section.0.3.5}% 62
\BOOKMARK [1][-]{section.0.3.6}{\376\377\000F\000o\000u\000r\000i\000e\000r\000\040\000S\000e\000r\000i\000e\000s\000\040\000R\000e\000p\000r\000e\000s\000e\000n\000t\000a\000t\000i\000o\000n\000\040\000o\000f\000\040\000D\000i\000s\000c\000r\000e\000t\000e\000-\000T\000i\000m\000e\000\040\000P\000e\000r\000i\000o\000d\000i\000c\000\040\000S\000i\000g\000n\000a\000l\000s}{chapter.0.3}% 63
\BOOKMARK [2][-]{subsection.0.3.6.1}{\376\377\000L\000i\000n\000e\000a\000r\000\040\000C\000o\000m\000b\000i\000n\000a\000t\000i\000o\000n\000s\000\040\000o\000f\000\040\000H\000a\000r\000m\000o\000n\000i\000c\000a\000l\000l\000y\000\040\000R\000e\000l\000a\000t\000e\000d\000\040\000C\000o\000m\000p\000l\000e\000x\000\040\000E\000x\000p\000o\000n\000e\000n\000t\000i\000a\000l\000s}{section.0.3.6}% 64
\BOOKMARK [2][-]{subsection.0.3.6.2}{\376\377\000D\000e\000t\000e\000r\000m\000i\000n\000a\000t\000i\000o\000n\000\040\000o\000f\000\040\000t\000h\000e\000\040\000F\000o\000u\000r\000i\000e\000r\000\040\000S\000e\000r\000i\000e\000s\000\040\000R\000e\000p\000r\000e\000s\000e\000n\000t\000a\000t\000i\000o\000n\000\040\000o\000f\000\040\000a\000\040\000P\000e\000r\000i\000o\000d\000i\000c\000\040\000S\000i\000g\000n\000a\000l}{section.0.3.6}% 65
\BOOKMARK [1][-]{section.0.3.7}{\376\377\000P\000r\000o\000p\000e\000r\000t\000i\000e\000s\000\040\000o\000f\000\040\000D\000i\000s\000c\000r\000e\000t\000e\000-\000T\000i\000m\000e\000\040\000F\000o\000u\000r\000i\000e\000r\000\040\000S\000e\000r\000i\000e\000s}{chapter.0.3}% 66
\BOOKMARK [2][-]{subsection.0.3.7.1}{\376\377\000M\000u\000l\000t\000i\000p\000l\000i\000c\000a\000t\000i\000o\000n}{section.0.3.7}% 67
\BOOKMARK [2][-]{subsection.0.3.7.2}{\376\377\000F\000i\000r\000s\000t\000\040\000D\000i\000f\000f\000e\000r\000e\000n\000c\000e}{section.0.3.7}% 68
\BOOKMARK [2][-]{subsection.0.3.7.3}{\376\377\000P\000a\000r\000s\000e\000v\000a\000l\000'\000s\000\040\000R\000e\000l\000a\000t\000i\000o\000n\000\040\000f\000o\000r\000\040\000D\000i\000s\000c\000r\000e\000t\000e\000-\000T\000i\000m\000e\000\040\000P\000e\000r\000i\000o\000d\000i\000c\000\040\000S\000i\000g\000n\000a\000l\000s}{section.0.3.7}% 69
\BOOKMARK [1][-]{section.0.3.8}{\376\377\000F\000o\000u\000r\000i\000e\000r\000\040\000S\000e\000r\000i\000e\000s\000\040\000a\000n\000d\000\040\000L\000T\000I\000\040\000S\000y\000s\000t\000e\000m\000s}{chapter.0.3}% 70
\BOOKMARK [1][-]{section.0.3.9}{\376\377\000F\000i\000l\000t\000e\000r\000i\000n\000g}{chapter.0.3}% 71
\BOOKMARK [2][-]{subsection.0.3.9.1}{\376\377\000F\000r\000e\000q\000u\000e\000n\000c\000y\000-\000S\000h\000a\000p\000i\000n\000g\000\040\000F\000i\000l\000t\000e\000r\000s}{section.0.3.9}% 72
\BOOKMARK [2][-]{subsection.0.3.9.2}{\376\377\000F\000r\000e\000q\000u\000e\000n\000c\000y\000-\000S\000e\000l\000e\000c\000t\000i\000v\000e\000\040\000F\000i\000l\000t\000e\000r\000s}{section.0.3.9}% 73
\BOOKMARK [1][-]{section.0.3.10}{\376\377\000E\000x\000a\000m\000p\000l\000e\000s\000\040\000o\000f\000\040\000C\000o\000n\000t\000i\000n\000u\000o\000u\000s\000-\000T\000i\000m\000e\000\040\000F\000i\000l\000t\000e\000r\000s\000\040\000D\000e\000s\000c\000r\000i\000b\000e\000d\000\040\000b\000y\000\040\000D\000i\000f\000f\000e\000r\000e\000n\000t\000i\000a\000l\000\040\000E\000q\000u\000a\000t\000i\000o\000n\000s}{chapter.0.3}% 74
\BOOKMARK [2][-]{subsection.0.3.10.1}{\376\377\000A\000\040\000S\000i\000m\000p\000l\000e\000\040\000R\000C\000\040\000L\000o\000w\000p\000a\000s\000s\000\040\000F\000i\000l\000t\000e\000r}{section.0.3.10}% 75
\BOOKMARK [2][-]{subsection.0.3.10.2}{\376\377\000A\000\040\000S\000i\000m\000p\000l\000e\000\040\000R\000C\000\040\000H\000i\000g\000h\000p\000a\000s\000s\000\040\000F\000i\000l\000t\000e\000r}{section.0.3.10}% 76
\BOOKMARK [1][-]{section.0.3.11}{\376\377\000E\000x\000a\000m\000p\000l\000e\000s\000\040\000o\000f\000\040\000D\000i\000s\000c\000r\000e\000t\000e\000-\000T\000i\000m\000e\000\040\000F\000i\000l\000t\000e\000r\000s\000\040\000D\000e\000s\000c\000r\000i\000b\000e\000d\000\040\000b\000y\000\040\000D\000i\000f\000f\000e\000r\000e\000n\000c\000e\000\040\000E\000q\000u\000a\000t\000i\000o\000n\000s}{chapter.0.3}% 77
\BOOKMARK [2][-]{subsection.0.3.11.1}{\376\377\000F\000i\000r\000s\000t\000-\000O\000r\000d\000e\000r\000\040\000R\000e\000c\000u\000r\000s\000i\000v\000e\000\040\000D\000i\000s\000c\000r\000e\000t\000e\000-\000T\000i\000m\000e\000\040\000F\000i\000l\000t\000e\000r\000s}{section.0.3.11}% 78
\BOOKMARK [2][-]{subsection.0.3.11.2}{\376\377\000n\000o\000n\000r\000e\000c\000u\000r\000s\000i\000v\000e\000\040\000D\000i\000s\000c\000r\000e\000t\000e\000-\000T\000i\000m\000e\000\040\000F\000i\000l\000t\000e\000r\000s}{section.0.3.11}% 79
\BOOKMARK [0][-]{chapter.0.4}{\376\377\000T\000h\000e\000\040\000C\000o\000n\000t\000i\000n\000u\000o\000u\000s\000-\000T\000i\000m\000e\000\040\000F\000o\000u\000r\000i\000e\000r\000\040\000T\000r\000a\000n\000s\000f\000o\000r\000m}{}% 80
\BOOKMARK [1][-]{section.0.4.1}{\376\377\000R\000e\000p\000r\000e\000s\000e\000n\000t\000a\000t\000i\000o\000n\000\040\000o\000f\000\040\000A\000p\000e\000r\000i\000o\000d\000i\000c\000\040\000S\000i\000g\000n\000a\000l\000s\000:\000\040\000T\000h\000e\000\040\000C\000o\000n\000t\000i\000n\000u\000o\000u\000s\000-\000T\000i\000m\000e\000\040\000F\000o\000u\000r\000i\000e\000r\000\040\000T\000r\000a\000n\000s\000f\000o\000r\000m}{chapter.0.4}% 81
\BOOKMARK [2][-]{subsection.0.4.1.1}{\376\377\000D\000e\000v\000e\000l\000o\000p\000m\000e\000n\000t\000\040\000o\000f\000\040\000t\000h\000e\000\040\000F\000o\000u\000r\000i\000e\000r\000\040\000T\000r\000a\000n\000s\000f\000o\000r\000m\000\040\000R\000e\000p\000r\000e\000s\000e\000n\000t\000a\000t\000i\000o\000n\000\040\000o\000f\000\040\000a\000n\000\040\000A\000p\000e\000r\000i\000o\000d\000i\000c\000\040\000S\000i\000g\000n\000a\000l}{section.0.4.1}% 82
\BOOKMARK [2][-]{subsection.0.4.1.2}{\376\377\000C\000o\000n\000v\000e\000r\000g\000e\000n\000c\000e\000\040\000o\000f\000\040\000F\000o\000u\000r\000i\000e\000r\000\040\000T\000r\000a\000n\000s\000f\000o\000r\000m\000s}{section.0.4.1}% 83
\BOOKMARK [1][-]{section.0.4.2}{\376\377\000T\000h\000e\000\040\000F\000o\000u\000r\000i\000e\000r\000\040\000T\000r\000a\000n\000s\000f\000o\000r\000m\000\040\000f\000o\000r\000\040\000P\000e\000r\000i\000o\000d\000i\000c\000\040\000S\000i\000g\000n\000a\000l\000s}{chapter.0.4}% 84
\BOOKMARK [1][-]{section.0.4.3}{\376\377\000P\000r\000o\000p\000e\000r\000t\000i\000e\000s\000\040\000o\000f\000\040\000t\000h\000e\000\040\000C\000o\000n\000t\000i\000n\000u\000o\000u\000s\000-\000T\000i\000m\000e\000\040\000F\000o\000u\000r\000i\000e\000r\000\040\000T\000r\000a\000n\000s\000f\000o\000r\000m}{chapter.0.4}% 85
\BOOKMARK [2][-]{subsection.0.4.3.1}{\376\377\000L\000i\000n\000e\000a\000r\000i\000t\000y}{section.0.4.3}% 86
\BOOKMARK [2][-]{subsection.0.4.3.2}{\376\377\000T\000i\000m\000e\000\040\000S\000h\000i\000f\000t\000i\000n\000g}{section.0.4.3}% 87
\BOOKMARK [2][-]{subsection.0.4.3.3}{\376\377\000C\000o\000n\000j\000u\000g\000a\000t\000i\000o\000n\000\040\000a\000n\000d\000\040\000C\000o\000n\000j\000u\000g\000a\000t\000e\000\040\000S\000y\000m\000m\000e\000t\000r\000y}{section.0.4.3}% 88
\BOOKMARK [2][-]{subsection.0.4.3.4}{\376\377\000D\000i\000f\000f\000e\000r\000e\000n\000t\000i\000a\000t\000i\000o\000n\000\040\000a\000n\000d\000\040\000I\000n\000t\000e\000g\000r\000a\000t\000i\000o\000n}{section.0.4.3}% 89
\BOOKMARK [2][-]{subsection.0.4.3.5}{\376\377\000T\000i\000m\000e\000\040\000a\000n\000d\000\040\000F\000r\000e\000q\000u\000e\000n\000c\000y\000\040\000S\000c\000a\000l\000i\000n\000g}{section.0.4.3}% 90
