\BOOKMARK [0][-]{chapter.1}{\376\377\000I\000n\000t\000r\000o\000d\000u\000c\000t\000i\000o\000n}{}% 1
\BOOKMARK [1][-]{section.1.1}{\376\377\000D\000a\000t\000a\000b\000a\000s\000e\000-\000S\000y\000s\000t\000e\000m\000\040\000A\000p\000p\000l\000i\000c\000a\000t\000i\000o\000n\000s}{chapter.1}% 2
\BOOKMARK [1][-]{section.1.2}{\376\377\000P\000u\000r\000p\000o\000s\000e\000\040\000o\000f\000\040\000D\000a\000t\000a\000b\000a\000s\000e\000\040\000S\000y\000s\000t\000e\000m\000s}{chapter.1}% 3
\BOOKMARK [1][-]{section.1.3}{\376\377\000V\000i\000e\000w\000\040\000o\000f\000\040\000D\000a\000t\000a}{chapter.1}% 4
\BOOKMARK [2][-]{subsection.1.3.1}{\376\377\000D\000a\000t\000a\000\040\000M\000o\000d\000e\000l\000s}{section.1.3}% 5
\BOOKMARK [2][-]{subsection.1.3.2}{\376\377\000D\000a\000t\000a\000\040\000A\000b\000s\000t\000r\000a\000c\000t\000i\000o\000n}{section.1.3}% 6
\BOOKMARK [2][-]{subsection.1.3.3}{\376\377\000I\000n\000s\000t\000a\000n\000c\000e\000s\000\040\000a\000n\000d\000\040\000S\000c\000h\000e\000m\000a\000s}{section.1.3}% 7
\BOOKMARK [1][-]{section.1.4}{\376\377\000D\000a\000t\000a\000b\000a\000s\000e\000\040\000L\000a\000n\000g\000u\000a\000g\000e\000s}{chapter.1}% 8
\BOOKMARK [2][-]{subsection.1.4.1}{\376\377\000D\000a\000t\000a\000-\000D\000e\000f\000i\000n\000i\000t\000i\000o\000n\000\040\000L\000a\000n\000g\000u\000a\000g\000e}{section.1.4}% 9
\BOOKMARK [2][-]{subsection.1.4.2}{\376\377\000D\000a\000t\000a\000-\000M\000a\000n\000i\000p\000u\000l\000a\000t\000i\000o\000n\000\040\000L\000a\000n\000g\000u\000a\000g\000e}{section.1.4}% 10
\BOOKMARK [2][-]{subsection.1.4.3}{\376\377\000D\000a\000t\000a\000b\000a\000s\000e\000\040\000A\000c\000c\000e\000s\000s\000\040\000f\000r\000o\000m\000\040\000A\000p\000p\000l\000i\000c\000a\000t\000i\000o\000n\000\040\000P\000r\000o\000g\000r\000a\000m\000s}{section.1.4}% 11
\BOOKMARK [1][-]{section.1.5}{\376\377\000D\000a\000t\000a\000b\000a\000s\000e\000\040\000D\000e\000s\000i\000g\000n}{chapter.1}% 12
\BOOKMARK [1][-]{section.1.6}{\376\377\000D\000a\000t\000a\000b\000a\000s\000e\000\040\000E\000n\000g\000i\000n\000e}{chapter.1}% 13
\BOOKMARK [2][-]{subsection.1.6.1}{\376\377\000S\000t\000o\000r\000a\000g\000e\000\040\000M\000a\000n\000a\000g\000e\000r}{section.1.6}% 14
\BOOKMARK [2][-]{subsection.1.6.2}{\376\377\000T\000h\000e\000\040\000Q\000u\000e\000r\000y\000\040\000P\000r\000o\000c\000e\000s\000s\000o\000r}{section.1.6}% 15
\BOOKMARK [2][-]{subsection.1.6.3}{\376\377\000T\000r\000a\000n\000s\000a\000c\000t\000i\000o\000n\000\040\000M\000a\000n\000a\000g\000e\000m\000e\000n\000t}{section.1.6}% 16
\BOOKMARK [1][-]{section.1.7}{\376\377\000D\000a\000t\000a\000b\000a\000s\000e\000\040\000a\000n\000d\000\040\000A\000p\000p\000l\000i\000c\000a\000t\000i\000o\000n\000\040\000A\000r\000c\000h\000i\000t\000e\000c\000t\000u\000r\000e}{chapter.1}% 17
\BOOKMARK [1][-]{section.1.8}{\376\377\000D\000a\000t\000a\000b\000a\000s\000e\000\040\000U\000s\000e\000r\000s\000\040\000a\000n\000d\000\040\000A\000d\000m\000i\000n\000i\000s\000t\000r\000a\000t\000o\000r\000s}{chapter.1}% 18
\BOOKMARK [2][-]{subsection.1.8.1}{\376\377\000D\000a\000t\000a\000b\000a\000s\000e\000\040\000A\000d\000m\000i\000n\000i\000s\000t\000r\000a\000t\000o\000r\000s}{section.1.8}% 19
\BOOKMARK [1][-]{section.1.9}{\376\377\000H\000i\000s\000t\000o\000r\000y\000\040\000o\000f\000\040\000D\000a\000t\000a\000b\000a\000s\000e\000\040\000S\000y\000s\000t\000e\000m\000s}{chapter.1}% 20
\BOOKMARK [0][-]{chapter.2}{\376\377\000I\000n\000t\000r\000o\000d\000u\000c\000t\000i\000o\000n\000\040\000t\000o\000\040\000t\000h\000e\000\040\000R\000e\000l\000a\000t\000i\000o\000n\000a\000l\000\040\000M\000o\000d\000e\000l}{}% 21
\BOOKMARK [1][-]{section.2.1}{\376\377\000S\000t\000r\000u\000c\000t\000u\000r\000e\000\040\000o\000f\000\040\000R\000e\000l\000a\000t\000i\000o\000n\000a\000l\000\040\000D\000a\000t\000a\000b\000a\000s\000e\000s}{chapter.2}% 22
\BOOKMARK [1][-]{section.2.2}{\376\377\000D\000a\000t\000a\000b\000a\000s\000e\000\040\000S\000c\000h\000e\000m\000a}{chapter.2}% 23
\BOOKMARK [1][-]{section.2.3}{\376\377\000K\000e\000y\000s}{chapter.2}% 24
\BOOKMARK [1][-]{section.2.4}{\376\377\000S\000c\000h\000e\000m\000a\000\040\000D\000i\000a\000g\000r\000a\000m\000s}{chapter.2}% 25
\BOOKMARK [1][-]{section.2.5}{\376\377\000R\000e\000l\000a\000t\000i\000o\000n\000a\000l\000\040\000Q\000u\000e\000r\000y\000\040\000L\000a\000n\000g\000u\000a\000g\000e\000s}{chapter.2}% 26
\BOOKMARK [1][-]{section.2.6}{\376\377\000T\000h\000e\000\040\000R\000e\000l\000a\000t\000i\000o\000n\000a\000l\000\040\000A\000l\000g\000e\000b\000r\000a}{chapter.2}% 27
\BOOKMARK [2][-]{subsection.2.6.1}{\376\377\000T\000h\000e\000\040\000S\000e\000l\000e\000c\000t\000\040\000O\000p\000e\000r\000a\000t\000i\000o\000n}{section.2.6}% 28
\BOOKMARK [2][-]{subsection.2.6.2}{\376\377\000T\000h\000e\000\040\000P\000r\000o\000j\000e\000c\000t\000\040\000O\000p\000e\000r\000a\000t\000i\000o\000n}{section.2.6}% 29
\BOOKMARK [2][-]{subsection.2.6.3}{\376\377\000C\000o\000m\000p\000o\000s\000i\000t\000i\000o\000n\000\040\000o\000f\000\040\000R\000e\000l\000a\000t\000i\000o\000n\000a\000l\000\040\000O\000p\000e\000r\000a\000t\000i\000o\000n\000s}{section.2.6}% 30
\BOOKMARK [2][-]{subsection.2.6.4}{\376\377\000T\000h\000e\000\040\000C\000a\000r\000t\000e\000s\000i\000a\000n\000-\000P\000r\000o\000d\000u\000c\000t\000\040\000O\000p\000e\000r\000a\000t\000i\000o\000n}{section.2.6}% 31
\BOOKMARK [2][-]{subsection.2.6.5}{\376\377\000T\000h\000e\000\040\000J\000o\000i\000n\000\040\000O\000p\000e\000r\000a\000t\000i\000o\000n}{section.2.6}% 32
\BOOKMARK [2][-]{subsection.2.6.6}{\376\377\000S\000e\000t\000\040\000O\000p\000e\000r\000a\000t\000i\000o\000n\000s}{section.2.6}% 33
\BOOKMARK [2][-]{subsection.2.6.7}{\376\377\000T\000h\000e\000\040\000A\000s\000s\000i\000g\000n\000m\000e\000n\000t\000\040\000O\000p\000e\000r\000a\000t\000i\000o\000n}{section.2.6}% 34
\BOOKMARK [2][-]{subsection.2.6.8}{\376\377\000T\000h\000e\000\040\000R\000e\000n\000a\000m\000e\000\040\000O\000p\000e\000r\000a\000t\000i\000o\000n}{section.2.6}% 35
\BOOKMARK [0][-]{chapter.3}{\376\377\000I\000n\000t\000r\000o\000d\000u\000c\000t\000i\000o\000n\000\040\000t\000o\000\040\000S\000Q\000L}{}% 36
\BOOKMARK [1][-]{section.3.1}{\376\377\000O\000v\000e\000r\000v\000i\000e\000w\000\040\000o\000f\000\040\000t\000h\000e\000\040\000S\000Q\000L\000\040\000Q\000u\000e\000r\000y\000\040\000L\000a\000n\000g\000u\000a\000g\000e}{chapter.3}% 37
\BOOKMARK [1][-]{section.3.2}{\376\377\000S\000Q\000L\000\040\000D\000a\000t\000a\000\040\000D\000e\000f\000i\000n\000i\000t\000i\000o\000n}{chapter.3}% 38
\BOOKMARK [2][-]{subsection.3.2.1}{\376\377\000B\000a\000s\000i\000c\000\040\000T\000y\000p\000e\000s}{section.3.2}% 39
\BOOKMARK [2][-]{subsection.3.2.2}{\376\377\000B\000a\000s\000i\000c\000\040\000S\000c\000h\000e\000m\000a\000\040\000D\000e\000f\000i\000n\000i\000t\000i\000o\000n}{section.3.2}% 40
\BOOKMARK [1][-]{section.3.3}{\376\377\000B\000a\000s\000i\000c\000\040\000S\000t\000r\000u\000c\000t\000u\000r\000e\000\040\000o\000f\000\040\000S\000Q\000L\000\040\000Q\000u\000e\000r\000i\000e\000s}{chapter.3}% 41
\BOOKMARK [1][-]{section.3.4}{\376\377\000A\000d\000d\000i\000t\000i\000o\000n\000a\000l\000\040\000B\000a\000s\000i\000c\000\040\000O\000p\000e\000r\000a\000t\000i\000o\000n\000s}{chapter.3}% 42
\BOOKMARK [2][-]{subsection.3.4.1}{\376\377\000T\000h\000e\000\040\000R\000e\000n\000a\000m\000e\000\040\000O\000p\000e\000r\000a\000t\000i\000o\000n}{section.3.4}% 43
\BOOKMARK [2][-]{subsection.3.4.2}{\376\377\000O\000r\000d\000e\000r\000i\000n\000g\000\040\000t\000h\000e\000\040\000D\000i\000s\000p\000l\000a\000y\000\040\000o\000f\000\040\000T\000u\000p\000l\000e\000s}{section.3.4}% 44
\BOOKMARK [1][-]{section.3.5}{\376\377\000S\000e\000t\000\040\000O\000p\000e\000r\000a\000t\000i\000o\000n\000s}{chapter.3}% 45
\BOOKMARK [1][-]{section.3.6}{\376\377\000N\000u\000l\000l\000\040\000V\000a\000l\000u\000e\000s}{chapter.3}% 46
\BOOKMARK [1][-]{section.3.7}{\376\377\000A\000g\000g\000r\000e\000g\000a\000t\000e\000\040\000F\000u\000n\000c\000t\000i\000o\000n\000s}{chapter.3}% 47
\BOOKMARK [2][-]{subsection.3.7.1}{\376\377\000A\000g\000g\000r\000e\000g\000a\000t\000i\000o\000n\000\040\000w\000i\000t\000h\000\040\000G\000r\000o\000u\000p\000i\000n\000g}{section.3.7}% 48
\BOOKMARK [2][-]{subsection.3.7.2}{\376\377\000T\000h\000e\000\040\000H\000a\000v\000i\000n\000g\000\040\000C\000l\000a\000u\000s\000e}{section.3.7}% 49
\BOOKMARK [1][-]{section.3.8}{\376\377\000N\000e\000s\000t\000e\000d\000\040\000S\000u\000b\000q\000u\000e\000r\000i\000e\000s}{chapter.3}% 50
\BOOKMARK [2][-]{subsection.3.8.1}{\376\377\000S\000e\000t\000\040\000C\000o\000m\000p\000a\000r\000i\000s\000o\000n}{section.3.8}% 51
\BOOKMARK [2][-]{subsection.3.8.2}{\376\377\000T\000e\000s\000t\000\040\000f\000o\000r\000\040\000E\000m\000p\000t\000y\000\040\000R\000e\000l\000a\000t\000i\000o\000n\000s}{section.3.8}% 52
\BOOKMARK [2][-]{subsection.3.8.3}{\376\377\000T\000e\000s\000t\000\040\000f\000o\000r\000\040\000t\000h\000e\000\040\000A\000b\000s\000e\000n\000c\000e\000\040\000o\000f\000\040\000D\000u\000p\000l\000i\000c\000a\000t\000e\000\040\000T\000u\000p\000l\000e\000s}{section.3.8}% 53
\BOOKMARK [2][-]{subsection.3.8.4}{\376\377\000S\000u\000b\000q\000u\000e\000r\000i\000e\000s\000\040\000i\000n\000\040\000t\000h\000e\000\040\000F\000r\000o\000m\000\040\000C\000l\000a\000u\000s\000e}{section.3.8}% 54
\BOOKMARK [2][-]{subsection.3.8.5}{\376\377\000T\000h\000e\000\040\000W\000i\000t\000h\000\040\000C\000l\000a\000u\000s\000e}{section.3.8}% 55
\BOOKMARK [2][-]{subsection.3.8.6}{\376\377\000S\000c\000a\000l\000a\000r\000\040\000S\000u\000b\000q\000u\000e\000r\000i\000e\000s}{section.3.8}% 56
\BOOKMARK [1][-]{section.3.9}{\376\377\000M\000o\000d\000i\000f\000i\000c\000a\000t\000i\000o\000n\000\040\000o\000f\000\040\000t\000h\000e\000\040\000D\000a\000t\000a\000b\000a\000s\000e}{chapter.3}% 57
\BOOKMARK [2][-]{subsection.3.9.1}{\376\377\000D\000e\000l\000e\000t\000i\000o\000n}{section.3.9}% 58
\BOOKMARK [2][-]{subsection.3.9.2}{\376\377\000I\000n\000s\000e\000r\000t\000i\000o\000n}{section.3.9}% 59
\BOOKMARK [2][-]{subsection.3.9.3}{\376\377\000U\000p\000d\000a\000t\000e\000s}{section.3.9}% 60
\BOOKMARK [0][-]{chapter.4}{\376\377\000I\000n\000t\000e\000r\000m\000e\000d\000i\000a\000t\000e\000\040\000S\000Q\000L}{}% 61
\BOOKMARK [1][-]{section.4.1}{\376\377\000J\000o\000i\000n\000\040\000E\000x\000p\000r\000e\000s\000s\000i\000o\000n\000s}{chapter.4}% 62
\BOOKMARK [2][-]{subsection.4.1.1}{\376\377\000T\000h\000e\000\040\000N\000a\000t\000u\000r\000a\000l\000\040\000J\000o\000i\000n}{section.4.1}% 63
\BOOKMARK [2][-]{subsection.4.1.2}{\376\377\000O\000u\000t\000e\000r\000\040\000J\000o\000i\000n\000s}{section.4.1}% 64
\BOOKMARK [1][-]{section.4.2}{\376\377\000V\000i\000e\000w\000s}{chapter.4}% 65
\BOOKMARK [2][-]{subsection.4.2.1}{\376\377\000M\000a\000t\000e\000r\000i\000a\000l\000i\000z\000e\000d\000\040\000V\000i\000e\000w\000s}{section.4.2}% 66
\BOOKMARK [2][-]{subsection.4.2.2}{\376\377\000U\000p\000d\000a\000t\000e\000\040\000o\000f\000\040\000a\000\040\000V\000i\000e\000w}{section.4.2}% 67
\BOOKMARK [1][-]{section.4.3}{\376\377\000T\000r\000a\000n\000s\000a\000c\000t\000i\000o\000n\000s}{chapter.4}% 68
