\BOOKMARK [0][-]{chapter*.1}{\376\377\000C\000o\000n\000t\000e\000n\000t\000s}{}% 1
\BOOKMARK [0][-]{chapter.0.1}{\376\377\000I\000n\000t\000r\000o\000d\000u\000c\000t\000i\000o\000n}{}% 2
\BOOKMARK [1][-]{section.0.1.1}{\376\377\000D\000a\000t\000a\000b\000a\000s\000e\000-\000S\000y\000s\000t\000e\000m\000\040\000A\000p\000p\000l\000i\000c\000a\000t\000i\000o\000n\000s}{chapter.0.1}% 3
\BOOKMARK [1][-]{section.0.1.2}{\376\377\000P\000u\000r\000p\000o\000s\000e\000\040\000o\000f\000\040\000D\000a\000t\000a\000b\000a\000s\000e\000\040\000S\000y\000s\000t\000e\000m\000s}{chapter.0.1}% 4
\BOOKMARK [1][-]{section.0.1.3}{\376\377\000V\000i\000e\000w\000\040\000o\000f\000\040\000D\000a\000t\000a}{chapter.0.1}% 5
\BOOKMARK [2][-]{subsection.0.1.3.1}{\376\377\000D\000a\000t\000a\000\040\000M\000o\000d\000e\000l\000s}{section.0.1.3}% 6
\BOOKMARK [2][-]{subsection.0.1.3.2}{\376\377\000D\000a\000t\000a\000\040\000A\000b\000s\000t\000r\000a\000c\000t\000i\000o\000n}{section.0.1.3}% 7
\BOOKMARK [2][-]{subsection.0.1.3.3}{\376\377\000I\000n\000s\000t\000a\000n\000c\000e\000s\000\040\000a\000n\000d\000\040\000S\000c\000h\000e\000m\000a\000s}{section.0.1.3}% 8
\BOOKMARK [1][-]{section.0.1.4}{\376\377\000D\000a\000t\000a\000b\000a\000s\000e\000\040\000L\000a\000n\000g\000u\000a\000g\000e\000s}{chapter.0.1}% 9
\BOOKMARK [2][-]{subsection.0.1.4.1}{\376\377\000D\000a\000t\000a\000-\000D\000e\000f\000i\000n\000i\000t\000i\000o\000n\000\040\000L\000a\000n\000g\000u\000a\000g\000e}{section.0.1.4}% 10
\BOOKMARK [2][-]{subsection.0.1.4.2}{\376\377\000D\000a\000t\000a\000-\000M\000a\000n\000i\000p\000u\000l\000a\000t\000i\000o\000n\000\040\000L\000a\000n\000g\000u\000a\000g\000e}{section.0.1.4}% 11
\BOOKMARK [2][-]{subsection.0.1.4.3}{\376\377\000D\000a\000t\000a\000b\000a\000s\000e\000\040\000A\000c\000c\000e\000s\000s\000\040\000f\000r\000o\000m\000\040\000A\000p\000p\000l\000i\000c\000a\000t\000i\000o\000n\000\040\000P\000r\000o\000g\000r\000a\000m\000s}{section.0.1.4}% 12
\BOOKMARK [1][-]{section.0.1.5}{\376\377\000D\000a\000t\000a\000b\000a\000s\000e\000\040\000D\000e\000s\000i\000g\000n}{chapter.0.1}% 13
\BOOKMARK [1][-]{section.0.1.6}{\376\377\000D\000a\000t\000a\000b\000a\000s\000e\000\040\000E\000n\000g\000i\000n\000e}{chapter.0.1}% 14
\BOOKMARK [2][-]{subsection.0.1.6.1}{\376\377\000S\000t\000o\000r\000a\000g\000e\000\040\000M\000a\000n\000a\000g\000e\000r}{section.0.1.6}% 15
\BOOKMARK [2][-]{subsection.0.1.6.2}{\376\377\000T\000h\000e\000\040\000Q\000u\000e\000r\000y\000\040\000P\000r\000o\000c\000e\000s\000s\000o\000r}{section.0.1.6}% 16
\BOOKMARK [2][-]{subsection.0.1.6.3}{\376\377\000T\000r\000a\000n\000s\000a\000c\000t\000i\000o\000n\000\040\000M\000a\000n\000a\000g\000e\000m\000e\000n\000t}{section.0.1.6}% 17
\BOOKMARK [1][-]{section.0.1.7}{\376\377\000D\000a\000t\000a\000b\000a\000s\000e\000\040\000a\000n\000d\000\040\000A\000p\000p\000l\000i\000c\000a\000t\000i\000o\000n\000\040\000A\000r\000c\000h\000i\000t\000e\000c\000t\000u\000r\000e}{chapter.0.1}% 18
\BOOKMARK [1][-]{section.0.1.8}{\376\377\000D\000a\000t\000a\000b\000a\000s\000e\000\040\000U\000s\000e\000r\000s\000\040\000a\000n\000d\000\040\000A\000d\000m\000i\000n\000i\000s\000t\000r\000a\000t\000o\000r\000s}{chapter.0.1}% 19
\BOOKMARK [2][-]{subsection.0.1.8.1}{\376\377\000D\000a\000t\000a\000b\000a\000s\000e\000\040\000A\000d\000m\000i\000n\000i\000s\000t\000r\000a\000t\000o\000r\000s}{section.0.1.8}% 20
\BOOKMARK [1][-]{section.0.1.9}{\376\377\000H\000i\000s\000t\000o\000r\000y\000\040\000o\000f\000\040\000D\000a\000t\000a\000b\000a\000s\000e\000\040\000S\000y\000s\000t\000e\000m\000s}{chapter.0.1}% 21
\BOOKMARK [0][-]{chapter.0.2}{\376\377\000I\000n\000t\000r\000o\000d\000u\000c\000t\000i\000o\000n\000\040\000t\000o\000\040\000t\000h\000e\000\040\000R\000e\000l\000a\000t\000i\000o\000n\000a\000l\000\040\000M\000o\000d\000e\000l}{}% 22
\BOOKMARK [1][-]{section.0.2.1}{\376\377\000S\000t\000r\000u\000c\000t\000u\000r\000e\000\040\000o\000f\000\040\000R\000e\000l\000a\000t\000i\000o\000n\000a\000l\000\040\000D\000a\000t\000a\000b\000a\000s\000e\000s}{chapter.0.2}% 23
\BOOKMARK [1][-]{section.0.2.2}{\376\377\000D\000a\000t\000a\000b\000a\000s\000e\000\040\000S\000c\000h\000e\000m\000a}{chapter.0.2}% 24
\BOOKMARK [1][-]{section.0.2.3}{\376\377\000K\000e\000y\000s}{chapter.0.2}% 25
\BOOKMARK [1][-]{section.0.2.4}{\376\377\000S\000c\000h\000e\000m\000a\000\040\000D\000i\000a\000g\000r\000a\000m\000s}{chapter.0.2}% 26
\BOOKMARK [1][-]{section.0.2.5}{\376\377\000R\000e\000l\000a\000t\000i\000o\000n\000a\000l\000\040\000Q\000u\000e\000r\000y\000\040\000L\000a\000n\000g\000u\000a\000g\000e\000s}{chapter.0.2}% 27
\BOOKMARK [1][-]{section.0.2.6}{\376\377\000T\000h\000e\000\040\000R\000e\000l\000a\000t\000i\000o\000n\000a\000l\000\040\000A\000l\000g\000e\000b\000r\000a}{chapter.0.2}% 28
\BOOKMARK [2][-]{subsection.0.2.6.1}{\376\377\000T\000h\000e\000\040\000S\000e\000l\000e\000c\000t\000\040\000O\000p\000e\000r\000a\000t\000i\000o\000n}{section.0.2.6}% 29
\BOOKMARK [2][-]{subsection.0.2.6.2}{\376\377\000C\000o\000m\000p\000o\000s\000i\000t\000i\000o\000n\000\040\000o\000f\000\040\000R\000e\000l\000a\000t\000i\000o\000n\000a\000l\000\040\000O\000p\000e\000r\000a\000t\000i\000o\000n\000s}{section.0.2.6}% 30
\BOOKMARK [2][-]{subsection.0.2.6.3}{\376\377\000T\000h\000e\000\040\000C\000a\000r\000t\000e\000s\000i\000a\000n\000-\000P\000r\000o\000d\000u\000c\000t\000\040\000O\000p\000e\000r\000a\000t\000i\000o\000n}{section.0.2.6}% 31
\BOOKMARK [2][-]{subsection.0.2.6.4}{\376\377\000T\000h\000e\000\040\000J\000o\000i\000n\000\040\000O\000p\000e\000r\000a\000t\000i\000o\000n}{section.0.2.6}% 32
\BOOKMARK [2][-]{subsection.0.2.6.5}{\376\377\000S\000e\000t\000\040\000O\000p\000e\000r\000a\000t\000i\000o\000n\000s}{section.0.2.6}% 33
\BOOKMARK [2][-]{subsection.0.2.6.6}{\376\377\000T\000h\000e\000\040\000A\000s\000s\000i\000g\000n\000m\000e\000n\000t\000\040\000O\000p\000e\000r\000a\000t\000i\000o\000n}{section.0.2.6}% 34
\BOOKMARK [2][-]{subsection.0.2.6.7}{\376\377\000T\000h\000e\000\040\000R\000e\000n\000a\000m\000e\000\040\000O\000p\000e\000r\000a\000t\000i\000o\000n}{section.0.2.6}% 35
\BOOKMARK [0][-]{chapter.0.3}{\376\377\000I\000n\000t\000r\000o\000d\000u\000c\000t\000i\000o\000n\000\040\000t\000o\000\040\000S\000Q\000L}{}% 36
\BOOKMARK [1][-]{section.0.3.1}{\376\377\000O\000v\000e\000r\000v\000i\000e\000w\000\040\000o\000f\000\040\000t\000h\000e\000\040\000S\000Q\000L\000\040\000Q\000u\000e\000r\000y\000\040\000L\000a\000n\000g\000u\000a\000g\000e}{chapter.0.3}% 37
\BOOKMARK [1][-]{section.0.3.2}{\376\377\000S\000Q\000L\000\040\000D\000a\000t\000a\000\040\000D\000e\000f\000i\000n\000i\000t\000i\000o\000n}{chapter.0.3}% 38
\BOOKMARK [2][-]{subsection.0.3.2.1}{\376\377\000B\000a\000s\000i\000c\000\040\000T\000y\000p\000e\000s}{section.0.3.2}% 39
\BOOKMARK [2][-]{subsection.0.3.2.2}{\376\377\000B\000a\000s\000i\000c\000\040\000S\000c\000h\000e\000m\000a\000\040\000D\000e\000f\000i\000n\000i\000t\000i\000o\000n}{section.0.3.2}% 40
\BOOKMARK [1][-]{section.0.3.3}{\376\377\000B\000a\000s\000i\000c\000\040\000S\000t\000r\000u\000c\000t\000u\000r\000e\000\040\000o\000f\000\040\000S\000Q\000L\000\040\000Q\000u\000e\000r\000i\000e\000s}{chapter.0.3}% 41
\BOOKMARK [1][-]{section.0.3.4}{\376\377\000A\000d\000d\000i\000t\000i\000o\000n\000a\000l\000\040\000B\000a\000s\000i\000c\000\040\000O\000p\000e\000r\000a\000t\000i\000o\000n\000s}{chapter.0.3}% 42
\BOOKMARK [2][-]{subsection.0.3.4.1}{\376\377\000T\000h\000e\000\040\000R\000e\000n\000a\000m\000e\000\040\000O\000p\000e\000r\000a\000t\000i\000o\000n}{section.0.3.4}% 43
\BOOKMARK [2][-]{subsection.0.3.4.2}{\376\377\000O\000r\000d\000e\000r\000i\000n\000g\000\040\000t\000h\000e\000\040\000D\000i\000s\000p\000l\000a\000y\000\040\000o\000f\000\040\000T\000u\000p\000l\000e\000s}{section.0.3.4}% 44
\BOOKMARK [1][-]{section.0.3.5}{\376\377\000S\000e\000t\000\040\000O\000p\000e\000r\000a\000t\000i\000o\000n\000s}{chapter.0.3}% 45
\BOOKMARK [1][-]{section.0.3.6}{\376\377\000N\000u\000l\000l\000\040\000V\000a\000l\000u\000e\000s}{chapter.0.3}% 46
\BOOKMARK [1][-]{section.0.3.7}{\376\377\000A\000g\000g\000r\000e\000g\000a\000t\000e\000\040\000F\000u\000n\000c\000t\000i\000o\000n\000s}{chapter.0.3}% 47
\BOOKMARK [2][-]{subsection.0.3.7.1}{\376\377\000A\000g\000g\000r\000e\000g\000a\000t\000i\000o\000n\000\040\000w\000i\000t\000h\000\040\000G\000r\000o\000u\000p\000i\000n\000g}{section.0.3.7}% 48
\BOOKMARK [2][-]{subsection.0.3.7.2}{\376\377\000T\000h\000e\000\040\000H\000a\000v\000i\000n\000g\000\040\000C\000l\000a\000u\000s\000e}{section.0.3.7}% 49
\BOOKMARK [1][-]{section.0.3.8}{\376\377\000N\000e\000s\000t\000e\000d\000\040\000S\000u\000b\000q\000u\000e\000r\000i\000e\000s}{chapter.0.3}% 50
\BOOKMARK [2][-]{subsection.0.3.8.1}{\376\377\000S\000e\000t\000\040\000C\000o\000m\000p\000a\000r\000i\000s\000o\000n}{section.0.3.8}% 51
\BOOKMARK [2][-]{subsection.0.3.8.2}{\376\377\000T\000e\000s\000t\000\040\000f\000o\000r\000\040\000E\000m\000p\000t\000y\000\040\000R\000e\000l\000a\000t\000i\000o\000n\000s}{section.0.3.8}% 52
\BOOKMARK [2][-]{subsection.0.3.8.3}{\376\377\000T\000e\000s\000t\000\040\000f\000o\000r\000\040\000t\000h\000e\000\040\000A\000b\000s\000e\000n\000c\000e\000\040\000o\000f\000\040\000D\000u\000p\000l\000i\000c\000a\000t\000e\000\040\000T\000u\000p\000l\000e\000s}{section.0.3.8}% 53
\BOOKMARK [2][-]{subsection.0.3.8.4}{\376\377\000S\000u\000b\000q\000u\000e\000r\000i\000e\000s\000\040\000i\000n\000\040\000t\000h\000e\000\040\000F\000r\000o\000m\000\040\000C\000l\000a\000u\000s\000e}{section.0.3.8}% 54
\BOOKMARK [2][-]{subsection.0.3.8.5}{\376\377\000T\000h\000e\000\040\000W\000i\000t\000h\000\040\000C\000l\000a\000u\000s\000e}{section.0.3.8}% 55
\BOOKMARK [2][-]{subsection.0.3.8.6}{\376\377\000S\000c\000a\000l\000a\000r\000\040\000S\000u\000b\000q\000u\000e\000r\000i\000e\000s}{section.0.3.8}% 56
\BOOKMARK [1][-]{section.0.3.9}{\376\377\000M\000o\000d\000i\000f\000i\000c\000a\000t\000i\000o\000n\000\040\000o\000f\000\040\000t\000h\000e\000\040\000D\000a\000t\000a\000b\000a\000s\000e}{chapter.0.3}% 57
\BOOKMARK [2][-]{subsection.0.3.9.1}{\376\377\000D\000e\000l\000e\000t\000i\000o\000n}{section.0.3.9}% 58
\BOOKMARK [2][-]{subsection.0.3.9.2}{\376\377\000I\000n\000s\000e\000r\000t\000i\000o\000n}{section.0.3.9}% 59
\BOOKMARK [2][-]{subsection.0.3.9.3}{\376\377\000U\000p\000d\000a\000t\000e\000s}{section.0.3.9}% 60
\BOOKMARK [0][-]{chapter.0.4}{\376\377\000I\000n\000t\000e\000r\000m\000e\000d\000i\000a\000t\000e\000\040\000S\000Q\000L}{}% 61
\BOOKMARK [1][-]{section.0.4.1}{\376\377\000J\000o\000i\000n\000\040\000E\000x\000p\000r\000e\000s\000s\000i\000o\000n\000s}{chapter.0.4}% 62
\BOOKMARK [2][-]{subsection.0.4.1.1}{\376\377\000T\000h\000e\000\040\000N\000a\000t\000u\000r\000a\000l\000\040\000J\000o\000i\000n}{section.0.4.1}% 63
\BOOKMARK [2][-]{subsection.0.4.1.2}{\376\377\000O\000u\000t\000e\000r\000\040\000J\000o\000i\000n\000s}{section.0.4.1}% 64
\BOOKMARK [1][-]{section.0.4.2}{\376\377\000V\000i\000e\000w\000s}{chapter.0.4}% 65
\BOOKMARK [2][-]{subsection.0.4.2.1}{\376\377\000M\000a\000t\000e\000r\000i\000a\000l\000i\000z\000e\000d\000\040\000V\000i\000e\000w\000s}{section.0.4.2}% 66
\BOOKMARK [2][-]{subsection.0.4.2.2}{\376\377\000U\000p\000d\000a\000t\000e\000\040\000o\000f\000\040\000a\000\040\000V\000i\000e\000w}{section.0.4.2}% 67
\BOOKMARK [1][-]{section.0.4.3}{\376\377\000T\000r\000a\000n\000s\000a\000c\000t\000i\000o\000n\000s}{chapter.0.4}% 68
\BOOKMARK [1][-]{section.0.4.4}{\376\377\000I\000n\000t\000e\000g\000r\000i\000t\000y\000\040\000C\000o\000n\000s\000t\000r\000a\000i\000n\000t\000s}{chapter.0.4}% 69
\BOOKMARK [2][-]{subsection.0.4.4.1}{\376\377\000N\000o\000t\000\040\000N\000u\000l\000l\000\040\000C\000o\000n\000s\000t\000r\000a\000i\000n\000t}{section.0.4.4}% 70
\BOOKMARK [2][-]{subsection.0.4.4.2}{\376\377\000U\000n\000i\000q\000u\000e\000\040\000C\000o\000n\000s\000t\000r\000a\000i\000n\000t}{section.0.4.4}% 71
\BOOKMARK [2][-]{subsection.0.4.4.3}{\376\377\000T\000h\000e\000\040\000C\000h\000e\000c\000k\000\040\000C\000l\000a\000u\000s\000e}{section.0.4.4}% 72
\BOOKMARK [2][-]{subsection.0.4.4.4}{\376\377\000C\000o\000m\000p\000l\000e\000x\000\040\000C\000h\000e\000c\000k\000\040\000C\000o\000n\000d\000i\000t\000i\000o\000n\000s\000\040\000a\000n\000d\000\040\000A\000s\000s\000e\000r\000t\000i\000o\000n\000s}{section.0.4.4}% 73
\BOOKMARK [1][-]{section.0.4.5}{\376\377\000S\000Q\000L\000\040\000D\000a\000t\000a\000\040\000T\000y\000p\000e\000s\000\040\000a\000n\000d\000\040\000S\000c\000h\000e\000m\000a\000s}{chapter.0.4}% 74
\BOOKMARK [2][-]{subsection.0.4.5.1}{\376\377\000D\000a\000t\000a\000\040\000a\000n\000d\000\040\000T\000i\000m\000e\000\040\000T\000y\000p\000e\000s\000\040\000i\000n\000\040\000S\000Q\000L}{section.0.4.5}% 75
\BOOKMARK [2][-]{subsection.0.4.5.2}{\376\377\000T\000y\000p\000e\000\040\000C\000o\000n\000v\000e\000r\000s\000i\000o\000n\000\040\000a\000n\000d\000\040\000F\000o\000r\000m\000a\000t\000t\000i\000n\000g\000\040\000F\000u\000n\000c\000t\000i\000o\000n\000s}{section.0.4.5}% 76
\BOOKMARK [2][-]{subsection.0.4.5.3}{\376\377\000L\000a\000r\000g\000e\000-\000O\000b\000j\000e\000c\000t\000\040\000T\000y\000p\000e\000s}{section.0.4.5}% 77
\BOOKMARK [2][-]{subsection.0.4.5.4}{\376\377\000U\000s\000e\000r\000-\000D\000e\000f\000i\000n\000e\000d\000\040\000T\000y\000p\000e\000s}{section.0.4.5}% 78
\BOOKMARK [2][-]{subsection.0.4.5.5}{\376\377\000S\000c\000h\000e\000m\000a\000s\000,\000\040\000C\000a\000t\000a\000l\000o\000g\000s\000,\000\040\000a\000n\000d\000\040\000E\000n\000v\000i\000r\000o\000n\000m\000e\000n\000t\000s}{section.0.4.5}% 79
\BOOKMARK [1][-]{section.0.4.6}{\376\377\000I\000n\000d\000e\000x\000\040\000D\000e\000f\000i\000n\000i\000t\000i\000o\000n\000\040\000i\000n\000\040\000S\000Q\000L}{chapter.0.4}% 80
\BOOKMARK [1][-]{section.0.4.7}{\376\377\000A\000u\000t\000h\000o\000r\000i\000z\000a\000t\000i\000o\000n}{chapter.0.4}% 81
\BOOKMARK [2][-]{subsection.0.4.7.1}{\376\377\000G\000r\000a\000n\000t\000i\000n\000g\000\040\000a\000n\000d\000\040\000R\000e\000v\000o\000k\000i\000n\000g\000\040\000o\000f\000\040\000P\000r\000i\000v\000i\000l\000e\000g\000e\000s}{section.0.4.7}% 82
\BOOKMARK [2][-]{subsection.0.4.7.2}{\376\377\000R\000o\000l\000e\000s}{section.0.4.7}% 83
\BOOKMARK [2][-]{subsection.0.4.7.3}{\376\377\000A\000u\000t\000h\000o\000r\000i\000z\000a\000t\000i\000o\000n\000\040\000o\000n\000\040\000V\000i\000e\000w\000s}{section.0.4.7}% 84
\BOOKMARK [2][-]{subsection.0.4.7.4}{\376\377\000T\000r\000a\000n\000s\000f\000e\000r\000\040\000o\000f\000\040\000P\000r\000i\000v\000i\000l\000e\000g\000e\000s}{section.0.4.7}% 85
\BOOKMARK [2][-]{subsection.0.4.7.5}{\376\377\000R\000o\000w\000-\000L\000e\000v\000e\000l\000\040\000A\000u\000t\000h\000o\000r\000i\000z\000a\000t\000i\000o\000n}{section.0.4.7}% 86
\BOOKMARK [0][-]{chapter.0.5}{\376\377\000A\000d\000v\000a\000n\000c\000e\000d\000\040\000S\000Q\000L}{}% 87
\BOOKMARK [1][-]{section.0.5.1}{\376\377\000A\000c\000c\000e\000s\000s\000i\000n\000g\000\040\000S\000Q\000L\000\040\000f\000r\000o\000m\000\040\000a\000\040\000P\000r\000o\000g\000r\000a\000m\000m\000i\000n\000g\000\040\000L\000a\000n\000g\000u\000a\000g\000e}{chapter.0.5}% 88
\BOOKMARK [2][-]{subsection.0.5.1.1}{\376\377\000J\000D\000B\000C}{section.0.5.1}% 89
\BOOKMARK [2][-]{subsection.0.5.1.2}{\376\377\000O\000D\000B\000C}{section.0.5.1}% 90
\BOOKMARK [2][-]{subsection.0.5.1.3}{\376\377\000E\000m\000b\000e\000d\000d\000e\000d\000\040\000S\000Q\000L}{section.0.5.1}% 91
\BOOKMARK [1][-]{section.0.5.2}{\376\377\000F\000u\000n\000c\000t\000i\000o\000n\000s\000\040\000a\000n\000d\000\040\000P\000r\000o\000c\000e\000d\000u\000r\000e\000s}{chapter.0.5}% 92
\BOOKMARK [2][-]{subsection.0.5.2.1}{\376\377\000D\000e\000c\000l\000a\000r\000i\000n\000g\000\040\000a\000n\000d\000\040\000I\000n\000v\000o\000k\000i\000n\000g\000\040\000S\000Q\000L\000\040\000F\000u\000n\000c\000t\000i\000o\000n\000s\000\040\000a\000n\000d\000\040\000P\000r\000o\000c\000e\000d\000u\000r\000e\000s}{section.0.5.2}% 93
\BOOKMARK [2][-]{subsection.0.5.2.2}{\376\377\000L\000a\000n\000g\000u\000a\000g\000e\000\040\000C\000o\000n\000s\000t\000r\000u\000c\000t\000s\000\040\000f\000o\000r\000\040\000P\000r\000o\000c\000e\000d\000u\000r\000e\000s\000\040\000a\000n\000d\000\040\000F\000u\000n\000c\000t\000i\000o\000n\000s}{section.0.5.2}% 94
\BOOKMARK [2][-]{subsection.0.5.2.3}{\376\377\000E\000x\000t\000e\000r\000n\000a\000l\000\040\000L\000a\000n\000g\000u\000a\000g\000e\000\040\000R\000o\000u\000t\000i\000n\000e\000s}{section.0.5.2}% 95
\BOOKMARK [1][-]{section.0.5.3}{\376\377\000T\000r\000i\000g\000g\000e\000r\000s}{chapter.0.5}% 96
\BOOKMARK [1][-]{section.0.5.4}{\376\377\000R\000e\000c\000u\000r\000s\000i\000v\000e\000\040\000Q\000u\000e\000r\000i\000e\000s}{chapter.0.5}% 97
\BOOKMARK [2][-]{subsection.0.5.4.1}{\376\377\000T\000r\000a\000n\000s\000i\000t\000i\000v\000e\000\040\000C\000l\000o\000s\000u\000r\000e\000\040\000U\000s\000i\000n\000g\000\040\000I\000t\000e\000r\000a\000t\000i\000o\000n}{section.0.5.4}% 98
\BOOKMARK [2][-]{subsection.0.5.4.2}{\376\377\000R\000e\000c\000u\000r\000s\000i\000o\000n\000\040\000i\000n\000\040\000S\000Q\000L}{section.0.5.4}% 99
\BOOKMARK [1][-]{section.0.5.5}{\376\377\000A\000d\000v\000a\000n\000c\000e\000d\000\040\000A\000g\000g\000r\000e\000g\000a\000t\000i\000o\000n\000\040\000F\000e\000a\000t\000u\000r\000e\000s}{chapter.0.5}% 100
\BOOKMARK [2][-]{subsection.0.5.5.1}{\376\377\000P\000i\000v\000o\000t\000i\000n\000g}{section.0.5.5}% 101
\BOOKMARK [0][-]{chapter.0.6}{\376\377\000D\000a\000t\000a\000b\000a\000s\000e\000\040\000D\000e\000s\000i\000g\000n\000\040\000U\000s\000i\000n\000g\000\040\000t\000h\000e\000\040\000E\000-\000R\000\040\000M\000o\000d\000e\000l}{}% 102
\BOOKMARK [1][-]{section.0.6.1}{\376\377\000O\000v\000e\000r\000v\000i\000e\000w\000\040\000o\000f\000\040\000t\000h\000e\000\040\000D\000e\000s\000i\000g\000n\000\040\000P\000r\000o\000c\000e\000s\000s}{chapter.0.6}% 103
\BOOKMARK [2][-]{subsection.0.6.1.1}{\376\377\000D\000e\000s\000i\000g\000n\000\040\000P\000h\000a\000s\000e\000s}{section.0.6.1}% 104
\BOOKMARK [1][-]{section.0.6.2}{\376\377\000T\000h\000e\000\040\000E\000n\000t\000i\000t\000y\000-\000R\000e\000l\000a\000t\000i\000o\000n\000s\000h\000i\000p\000\040\000M\000o\000d\000e\000l}{chapter.0.6}% 105
\BOOKMARK [2][-]{subsection.0.6.2.1}{\376\377\000E\000n\000t\000i\000t\000y\000\040\000S\000e\000t\000s}{section.0.6.2}% 106
\BOOKMARK [2][-]{subsection.0.6.2.2}{\376\377\000R\000e\000l\000a\000t\000i\000o\000n\000s\000h\000i\000p\000\040\000S\000e\000t\000s}{section.0.6.2}% 107
\BOOKMARK [1][-]{section.0.6.3}{\376\377\000C\000o\000m\000p\000l\000e\000x\000\040\000A\000t\000t\000r\000i\000b\000u\000t\000e\000s}{chapter.0.6}% 108
\BOOKMARK [1][-]{section.0.6.4}{\376\377\000M\000a\000p\000p\000i\000n\000g\000\040\000C\000a\000r\000d\000i\000n\000a\000l\000i\000t\000i\000e\000s}{chapter.0.6}% 109
\BOOKMARK [1][-]{section.0.6.5}{\376\377\000P\000r\000i\000m\000a\000r\000y\000\040\000K\000e\000y}{chapter.0.6}% 110
\BOOKMARK [2][-]{subsection.0.6.5.1}{\376\377\000W\000e\000a\000k\000\040\000E\000n\000t\000i\000t\000y\000\040\000S\000e\000t\000s}{section.0.6.5}% 111
\BOOKMARK [1][-]{section.0.6.6}{\376\377\000E\000x\000t\000e\000n\000d\000e\000d\000\040\000E\000-\000R\000\040\000F\000e\000a\000t\000u\000r\000e\000s}{chapter.0.6}% 112
\BOOKMARK [2][-]{subsection.0.6.6.1}{\376\377\000S\000p\000e\000c\000i\000a\000l\000i\000z\000a\000t\000i\000o\000n}{section.0.6.6}% 113
\BOOKMARK [2][-]{subsection.0.6.6.2}{\376\377\000G\000e\000n\000e\000r\000a\000l\000i\000z\000a\000t\000i\000o\000n}{section.0.6.6}% 114
\BOOKMARK [2][-]{subsection.0.6.6.3}{\376\377\000A\000t\000t\000r\000i\000b\000u\000t\000e\000\040\000I\000n\000h\000e\000r\000i\000t\000a\000n\000c\000e}{section.0.6.6}% 115
\BOOKMARK [2][-]{subsection.0.6.6.4}{\376\377\000C\000o\000n\000s\000t\000r\000a\000i\000n\000t\000s\000\040\000o\000n\000\040\000S\000p\000e\000c\000i\000a\000l\000i\000z\000a\000t\000i\000o\000n\000s}{section.0.6.6}% 116
\BOOKMARK [2][-]{subsection.0.6.6.5}{\376\377\000A\000g\000g\000r\000e\000g\000a\000t\000i\000o\000n}{section.0.6.6}% 117
\BOOKMARK [2][-]{subsection.0.6.6.6}{\376\377\000T\000h\000e\000\040\000U\000n\000i\000f\000i\000e\000d\000\040\000M\000o\000d\000e\000l\000i\000n\000g\000\040\000L\000a\000n\000g\000u\000a\000g\000e\000\040\000U\000M\000L}{section.0.6.6}% 118
\BOOKMARK [0][-]{chapter.0.7}{\376\377\000R\000e\000l\000a\000t\000i\000o\000n\000a\000l\000\040\000D\000a\000t\000a\000b\000a\000s\000e\000\040\000D\000e\000s\000i\000g\000n}{}% 119
\BOOKMARK [0][-]{chapter.0.8}{\376\377\000C\000o\000m\000p\000l\000e\000x\000\040\000D\000a\000t\000a\000\040\000T\000y\000p\000e\000s}{}% 120
\BOOKMARK [0][-]{chapter.0.9}{\376\377\000A\000p\000p\000l\000i\000c\000a\000t\000i\000o\000n\000\040\000D\000e\000v\000e\000l\000o\000p\000m\000e\000n\000t}{}% 121
\BOOKMARK [0][-]{chapter.0.10}{\376\377\000B\000i\000g\000\040\000D\000a\000t\000a}{}% 122
\BOOKMARK [0][-]{chapter.0.11}{\376\377\000D\000a\000t\000a\000\040\000A\000n\000a\000l\000y\000t\000i\000c\000s}{}% 123
\BOOKMARK [0][-]{chapter.0.12}{\376\377\000P\000h\000y\000s\000i\000c\000a\000l\000\040\000S\000t\000o\000r\000a\000g\000e\000\040\000S\000y\000s\000t\000e\000m\000s}{}% 124
\BOOKMARK [1][-]{section.0.12.1}{\376\377\000O\000v\000e\000r\000v\000i\000e\000w\000\040\000o\000f\000\040\000P\000h\000y\000s\000i\000c\000a\000l\000\040\000S\000t\000o\000r\000a\000g\000e\000\040\000M\000e\000d\000i\000a}{chapter.0.12}% 125
\BOOKMARK [1][-]{section.0.12.2}{\376\377\000S\000t\000o\000r\000a\000g\000e\000\040\000I\000n\000t\000e\000r\000f\000a\000c\000e\000s}{chapter.0.12}% 126
\BOOKMARK [1][-]{section.0.12.3}{\376\377\000M\000a\000g\000n\000e\000t\000i\000c\000\040\000D\000i\000s\000k\000s}{chapter.0.12}% 127
\BOOKMARK [2][-]{subsection.0.12.3.1}{\376\377\000P\000h\000y\000s\000i\000c\000a\000l\000\040\000C\000h\000a\000r\000a\000c\000t\000e\000r\000i\000s\000t\000i\000c\000s\000\040\000o\000f\000\040\000D\000i\000s\000k\000s}{section.0.12.3}% 128
\BOOKMARK [2][-]{subsection.0.12.3.2}{\376\377\000P\000e\000r\000f\000o\000r\000m\000a\000n\000c\000e\000\040\000M\000e\000a\000s\000u\000r\000e\000s\000\040\000o\000f\000\040\000D\000i\000s\000k\000s}{section.0.12.3}% 129
\BOOKMARK [1][-]{section.0.12.4}{\376\377\000F\000l\000a\000s\000h\000\040\000M\000e\000m\000o\000r\000y}{chapter.0.12}% 130
\BOOKMARK [1][-]{section.0.12.5}{\376\377\000R\000A\000I\000D}{chapter.0.12}% 131
\BOOKMARK [2][-]{subsection.0.12.5.1}{\376\377\000I\000m\000p\000r\000o\000v\000e\000m\000e\000n\000t\000\040\000o\000f\000\040\000R\000e\000l\000i\000a\000b\000i\000l\000i\000t\000y\000\040\000v\000i\000a\000\040\000R\000e\000d\000u\000n\000d\000a\000n\000c\000y}{section.0.12.5}% 132
\BOOKMARK [2][-]{subsection.0.12.5.2}{\376\377\000I\000m\000p\000r\000o\000v\000e\000m\000e\000n\000t\000\040\000i\000n\000\040\000P\000e\000r\000f\000o\000r\000m\000a\000n\000c\000e\000\040\000v\000i\000a\000\040\000P\000a\000r\000a\000l\000l\000e\000l\000i\000s\000m}{section.0.12.5}% 133
\BOOKMARK [2][-]{subsection.0.12.5.3}{\376\377\000R\000A\000I\000D\000\040\000L\000e\000v\000e\000l\000s}{section.0.12.5}% 134
\BOOKMARK [2][-]{subsection.0.12.5.4}{\376\377\000H\000a\000r\000d\000w\000a\000r\000e\000\040\000I\000s\000s\000u\000e\000s}{section.0.12.5}% 135
\BOOKMARK [2][-]{subsection.0.12.5.5}{\376\377\000C\000h\000o\000i\000c\000e\000\040\000o\000f\000\040\000R\000A\000I\000D\000\040\000L\000e\000v\000e\000l}{section.0.12.5}% 136
\BOOKMARK [1][-]{section.0.12.6}{\376\377\000D\000i\000s\000k\000-\000B\000l\000o\000c\000k\000\040\000A\000c\000c\000e\000s\000s}{chapter.0.12}% 137
\BOOKMARK [0][-]{chapter.0.13}{\376\377\000D\000a\000t\000a\000\040\000S\000t\000o\000r\000a\000g\000e\000\040\000S\000t\000r\000u\000c\000t\000u\000r\000e\000s}{}% 138
\BOOKMARK [1][-]{section.0.13.1}{\376\377\000D\000a\000t\000a\000b\000a\000s\000e\000\040\000S\000t\000o\000r\000a\000g\000e\000\040\000A\000r\000c\000h\000i\000t\000e\000c\000t\000u\000r\000e}{chapter.0.13}% 139
\BOOKMARK [1][-]{section.0.13.2}{\376\377\000F\000i\000l\000e\000\040\000O\000r\000g\000a\000n\000i\000z\000a\000t\000i\000o\000n}{chapter.0.13}% 140
\BOOKMARK [2][-]{subsection.0.13.2.1}{\376\377\000F\000i\000x\000e\000d\000-\000L\000e\000n\000g\000t\000h\000\040\000R\000e\000c\000o\000r\000d\000s}{section.0.13.2}% 141
\BOOKMARK [2][-]{subsection.0.13.2.2}{\376\377\000V\000a\000r\000i\000a\000b\000l\000e\000-\000L\000e\000n\000g\000t\000h\000\040\000R\000e\000c\000o\000r\000d\000s}{section.0.13.2}% 142
\BOOKMARK [2][-]{subsection.0.13.2.3}{\376\377\000S\000t\000o\000r\000i\000n\000g\000\040\000L\000a\000r\000g\000e\000\040\000O\000b\000j\000e\000c\000t\000s}{section.0.13.2}% 143
\BOOKMARK [1][-]{section.0.13.3}{\376\377\000O\000r\000g\000a\000n\000i\000z\000a\000t\000i\000o\000n\000\040\000o\000f\000\040\000R\000e\000c\000o\000r\000d\000s\000\040\000i\000n\000\040\000F\000i\000l\000e\000s}{chapter.0.13}% 144
\BOOKMARK [2][-]{subsection.0.13.3.1}{\376\377\000H\000e\000a\000p\000\040\000F\000i\000l\000e\000\040\000O\000r\000g\000a\000n\000i\000z\000a\000t\000i\000o\000n}{section.0.13.3}% 145
\BOOKMARK [2][-]{subsection.0.13.3.2}{\376\377\000S\000e\000q\000u\000e\000n\000t\000i\000a\000l\000\040\000F\000i\000l\000e\000\040\000O\000r\000g\000a\000n\000i\000z\000a\000t\000i\000o\000n}{section.0.13.3}% 146
\BOOKMARK [2][-]{subsection.0.13.3.3}{\376\377\000M\000u\000l\000t\000i\000t\000a\000b\000l\000e\000\040\000C\000l\000u\000s\000t\000e\000r\000i\000n\000g\000\040\000F\000i\000l\000e\000\040\000O\000r\000g\000a\000n\000i\000z\000a\000t\000i\000o\000n}{section.0.13.3}% 147
\BOOKMARK [2][-]{subsection.0.13.3.4}{\376\377\000P\000a\000r\000t\000i\000t\000i\000o\000n\000i\000n\000g}{section.0.13.3}% 148
\BOOKMARK [1][-]{section.0.13.4}{\376\377\000D\000a\000t\000a\000-\000D\000i\000c\000t\000i\000o\000n\000a\000r\000y\000\040\000S\000t\000o\000r\000a\000g\000e}{chapter.0.13}% 149
\BOOKMARK [1][-]{section.0.13.5}{\376\377\000D\000a\000t\000a\000b\000a\000s\000e\000\040\000B\000u\000f\000f\000e\000r}{chapter.0.13}% 150
\BOOKMARK [2][-]{subsection.0.13.5.1}{\376\377\000B\000u\000f\000f\000e\000r\000\040\000M\000a\000n\000a\000g\000e\000r}{section.0.13.5}% 151
\BOOKMARK [1][-]{section.0.13.6}{\376\377\000B\000u\000f\000f\000e\000r\000-\000R\000e\000p\000l\000a\000c\000e\000m\000e\000n\000t\000\040\000S\000t\000r\000a\000t\000e\000g\000i\000e\000s}{chapter.0.13}% 152
\BOOKMARK [2][-]{subsection.0.13.6.1}{\376\377\000R\000e\000o\000r\000d\000e\000r\000i\000n\000g\000\040\000o\000f\000\040\000W\000r\000i\000t\000e\000s\000\040\000a\000n\000d\000\040\000R\000e\000c\000o\000v\000e\000r\000y}{section.0.13.6}% 153
\BOOKMARK [1][-]{section.0.13.7}{\376\377\000C\000o\000l\000u\000m\000n\000-\000O\000r\000i\000e\000n\000t\000e\000d\000\040\000S\000t\000o\000r\000a\000g\000e}{chapter.0.13}% 154
\BOOKMARK [1][-]{section.0.13.8}{\376\377\000S\000t\000o\000r\000a\000g\000e\000\040\000O\000r\000g\000a\000n\000i\000z\000a\000t\000i\000o\000n\000\040\000i\000n\000\040\000M\000a\000i\000n\000-\000M\000e\000m\000o\000r\000y\000\040\000D\000a\000t\000a\000b\000a\000s\000e\000s}{chapter.0.13}% 155
\BOOKMARK [0][-]{chapter.0.14}{\376\377\000I\000n\000d\000e\000x\000i\000n\000g}{}% 156
\BOOKMARK [1][-]{section.0.14.1}{\376\377\000B\000a\000s\000i\000c\000\040\000C\000o\000n\000c\000e\000p\000t\000s}{chapter.0.14}% 157
\BOOKMARK [1][-]{section.0.14.2}{\376\377\000O\000r\000d\000e\000r\000e\000d\000\040\000I\000n\000d\000i\000c\000e\000s}{chapter.0.14}% 158
\BOOKMARK [2][-]{subsection.0.14.2.1}{\376\377\000D\000e\000n\000s\000e\000\040\000a\000n\000d\000\040\000S\000p\000a\000r\000s\000e\000\040\000I\000n\000d\000i\000c\000e\000s}{section.0.14.2}% 159
\BOOKMARK [2][-]{subsection.0.14.2.2}{\376\377\000M\000u\000l\000t\000i\000l\000e\000v\000e\000l\000\040\000I\000n\000d\000i\000c\000e\000s}{section.0.14.2}% 160
\BOOKMARK [2][-]{subsection.0.14.2.3}{\376\377\000S\000e\000c\000o\000n\000d\000a\000r\000y\000\040\000I\000n\000d\000i\000c\000e\000s}{section.0.14.2}% 161
\BOOKMARK [2][-]{subsection.0.14.2.4}{\376\377\000I\000n\000d\000i\000c\000e\000s\000\040\000o\000n\000\040\000M\000u\000l\000t\000i\000p\000l\000e\000\040\000K\000e\000y\000s}{section.0.14.2}% 162
\BOOKMARK [1][-]{section.0.14.3}{\376\377\000B\000+\000-\000T\000r\000e\000e\000\040\000I\000n\000d\000e\000x\000\040\000F\000i\000l\000e\000s}{chapter.0.14}% 163
\BOOKMARK [2][-]{subsection.0.14.3.1}{\376\377\000S\000t\000r\000u\000c\000t\000u\000r\000e\000\040\000o\000f\000\040\000a\000\040\000B\000+\000-\000T\000r\000e\000e}{section.0.14.3}% 164
\BOOKMARK [2][-]{subsection.0.14.3.2}{\376\377\000Q\000u\000e\000r\000i\000e\000s\000\040\000o\000n\000\040\000B\000+\000-\000T\000r\000e\000e\000s}{section.0.14.3}% 165
\BOOKMARK [2][-]{subsection.0.14.3.3}{\376\377\000U\000p\000d\000a\000t\000e\000s\000\040\000o\000n\000\040\000B\000+\000-\000T\000r\000e\000e\000s}{section.0.14.3}% 166
\BOOKMARK [2][-]{subsection.0.14.3.4}{\376\377\000N\000o\000n\000u\000n\000i\000q\000u\000e\000\040\000S\000e\000a\000r\000c\000h\000\040\000K\000e\000y\000s}{section.0.14.3}% 167
\BOOKMARK [1][-]{section.0.14.4}{\376\377\000B\000+\000-\000T\000r\000e\000e\000\040\000E\000x\000t\000e\000n\000s\000i\000o\000n\000s}{chapter.0.14}% 168
\BOOKMARK [2][-]{subsection.0.14.4.1}{\376\377\000B\000+\000-\000T\000r\000e\000e\000\040\000F\000i\000l\000e\000\040\000O\000r\000g\000a\000n\000i\000z\000a\000t\000i\000o\000n}{section.0.14.4}% 169
\BOOKMARK [2][-]{subsection.0.14.4.2}{\376\377\000I\000n\000d\000e\000x\000i\000n\000g\000\040\000S\000t\000r\000i\000n\000g\000s}{section.0.14.4}% 170
\BOOKMARK [2][-]{subsection.0.14.4.3}{\376\377\000B\000u\000l\000k\000\040\000L\000o\000a\000d\000i\000n\000g\000\040\000o\000f\000\040\000B\000+\000-\000T\000r\000e\000e\000\040\000I\000n\000d\000i\000c\000e\000s}{section.0.14.4}% 171
\BOOKMARK [2][-]{subsection.0.14.4.4}{\376\377\000B\000-\000T\000r\000e\000e\000\040\000I\000n\000d\000e\000x\000\040\000F\000i\000l\000e\000s}{section.0.14.4}% 172
\BOOKMARK [1][-]{section.0.14.5}{\376\377\000H\000a\000s\000h\000\040\000I\000n\000d\000i\000c\000e\000s}{chapter.0.14}% 173
\BOOKMARK [1][-]{section.0.14.6}{\376\377\000M\000u\000l\000t\000i\000p\000l\000e\000-\000K\000e\000y\000\040\000A\000c\000c\000e\000s\000s}{chapter.0.14}% 174
\BOOKMARK [2][-]{subsection.0.14.6.1}{\376\377\000C\000o\000v\000e\000r\000i\000n\000g\000\040\000I\000n\000d\000i\000c\000e\000s}{section.0.14.6}% 175
\BOOKMARK [1][-]{section.0.14.7}{\376\377\000W\000r\000i\000t\000e\000-\000O\000p\000t\000i\000m\000i\000z\000e\000d\000\040\000I\000n\000d\000e\000x\000\040\000S\000t\000r\000u\000c\000t\000u\000r\000e\000s}{chapter.0.14}% 176
\BOOKMARK [2][-]{subsection.0.14.7.1}{\376\377\000L\000S\000M\000\040\000T\000r\000e\000e\000s}{section.0.14.7}% 177
\BOOKMARK [2][-]{subsection.0.14.7.2}{\376\377\000B\000u\000f\000f\000e\000r\000\040\000T\000r\000e\000e}{section.0.14.7}% 178
\BOOKMARK [1][-]{section.0.14.8}{\376\377\000B\000i\000t\000m\000a\000p\000\040\000I\000n\000d\000i\000c\000e\000s}{chapter.0.14}% 179
\BOOKMARK [1][-]{section.0.14.9}{\376\377\000I\000n\000d\000e\000x\000i\000n\000g\000\040\000o\000f\000\040\000S\000p\000a\000t\000i\000a\000l\000\040\000a\000n\000d\000\040\000T\000e\000m\000p\000o\000r\000a\000l\000\040\000D\000a\000t\000a}{chapter.0.14}% 180
\BOOKMARK [2][-]{subsection.0.14.9.1}{\376\377\000I\000n\000d\000e\000x\000i\000n\000g\000\040\000o\000f\000\040\000S\000p\000a\000t\000i\000a\000l\000\040\000D\000a\000t\000a}{section.0.14.9}% 181
\BOOKMARK [2][-]{subsection.0.14.9.2}{\376\377\000I\000n\000d\000e\000x\000i\000n\000g\000\040\000T\000e\000m\000p\000o\000r\000a\000l\000\040\000D\000a\000t\000a}{section.0.14.9}% 182
